2023-12-12 21:33:37,992 INFO [RepositoryConfigurationDelegate.java:132] - Bootstrapping Spring Data MongoDB repositories in DEFAULT mode.
2023-12-12 21:33:38,055 INFO [RepositoryConfigurationDelegate.java:201] - Finished Spring Data repository scanning in 57 ms. Found 2 MongoDB repository interfaces.
2023-12-12 21:33:38,303 INFO [PostProcessorRegistrationDelegate.java:376] - Bean 'org.springframework.ws.config.annotation.DelegatingWsConfiguration' of type [org.springframework.ws.config.annotation.DelegatingWsConfiguration$$EnhancerBySpringCGLIB$$1f8fd40c] is not eligible for getting processed by all BeanPostProcessors (for example: not eligible for auto-proxying)
2023-12-12 21:33:38,334 WARN [DocumentBuilderFactoryUtils.java:45] - http://javax.xml.XMLConstants/property/accessExternalDTD property not supported by org.apache.xerces.jaxp.DocumentBuilderFactoryImpl
2023-12-12 21:33:38,335 WARN [DocumentBuilderFactoryUtils.java:54] - http://javax.xml.XMLConstants/property/accessExternalSchema property not supported by org.apache.xerces.jaxp.DocumentBuilderFactoryImpl
2023-12-12 21:33:38,367 INFO [AbstractAddressingEndpointMapping.java:239] - Supporting [WS-Addressing August 2004, WS-Addressing 1.0]
2023-12-12 21:33:38,623 INFO [TomcatWebServer.java:108] - Tomcat initialized with port(s): 8080 (http)
2023-12-12 21:33:38,628 INFO [DirectJDKLog.java:173] - Initializing ProtocolHandler ["http-nio-8080"]
2023-12-12 21:33:38,629 INFO [DirectJDKLog.java:173] - Starting service [Tomcat]
2023-12-12 21:33:38,629 INFO [DirectJDKLog.java:173] - Starting Servlet engine: [Apache Tomcat/9.0.82]
2023-12-12 21:33:38,723 INFO [DirectJDKLog.java:173] - Initializing Spring embedded WebApplicationContext
2023-12-12 21:33:38,723 INFO [ServletWebServerApplicationContext.java:292] - Root WebApplicationContext: initialization completed in 1537 ms
2023-12-12 21:33:38,992 INFO [SLF4JLogger.java:71] - MongoClient with metadata {"driver": {"name": "mongo-java-driver|sync|spring-boot", "version": "4.6.1"}, "os": {"type": "Darwin", "name": "Mac OS X", "architecture": "x86_64", "version": "14.0"}, "platform": "Java/Homebrew/17.0.9+0"} created with settings MongoClientSettings{readPreference=primary, writeConcern=WriteConcern{w=majority, wTimeout=null ms, journal=null}, retryWrites=true, retryReads=true, readConcern=ReadConcern{level=null}, credential=MongoCredential{mechanism=null, userName='zaultavangar', source='admin', password=<hidden>, mechanismProperties=<hidden>}, streamFactoryFactory=null, commandListeners=[], codecRegistry=ProvidersCodecRegistry{codecProviders=[ValueCodecProvider{}, BsonValueCodecProvider{}, DBRefCodecProvider{}, DBObjectCodecProvider{}, DocumentCodecProvider{}, IterableCodecProvider{}, MapCodecProvider{}, GeoJsonCodecProvider{}, GridFSFileCodecProvider{}, Jsr310CodecProvider{}, JsonObjectCodecProvider{}, BsonCodecProvider{}, EnumCodecProvider{}, com.mongodb.Jep395RecordCodecProvider@168142da]}, clusterSettings={hosts=[127.0.0.1:27017], srvHost=cluster0.kk4fxua.mongodb.net, srvServiceName=mongodb, mode=MULTIPLE, requiredClusterType=REPLICA_SET, requiredReplicaSetName='atlas-ahs3jo-shard-0', serverSelector='null', clusterListeners='[]', serverSelectionTimeout='30000 ms', localThreshold='30000 ms'}, socketSettings=SocketSettings{connectTimeoutMS=10000, readTimeoutMS=0, receiveBufferSize=0, sendBufferSize=0}, heartbeatSocketSettings=SocketSettings{connectTimeoutMS=10000, readTimeoutMS=10000, receiveBufferSize=0, sendBufferSize=0}, connectionPoolSettings=ConnectionPoolSettings{maxSize=100, minSize=0, maxWaitTimeMS=120000, maxConnectionLifeTimeMS=0, maxConnectionIdleTimeMS=0, maintenanceInitialDelayMS=0, maintenanceFrequencyMS=60000, connectionPoolListeners=[], maxConnecting=2}, serverSettings=ServerSettings{heartbeatFrequencyMS=10000, minHeartbeatFrequencyMS=500, serverListeners='[]', serverMonitorListeners='[]'}, sslSettings=SslSettings{enabled=true, invalidHostNameAllowed=false, context=null}, applicationName='null', compressorList=[], uuidRepresentation=JAVA_LEGACY, serverApi=null, autoEncryptionSettings=null, contextProvider=null}
2023-12-12 21:33:39,020 INFO [SLF4JLogger.java:71] - Adding discovered server ac-18bygxp-shard-00-02.kk4fxua.mongodb.net:27017 to client view of cluster
2023-12-12 21:33:39,037 INFO [SLF4JLogger.java:71] - Adding discovered server ac-18bygxp-shard-00-00.kk4fxua.mongodb.net:27017 to client view of cluster
2023-12-12 21:33:39,038 INFO [SLF4JLogger.java:71] - Adding discovered server ac-18bygxp-shard-00-01.kk4fxua.mongodb.net:27017 to client view of cluster
2023-12-12 21:33:39,096 WARN [CustomConversions.java:266] - Registering converter from class java.time.LocalDateTime to class org.joda.time.LocalDateTime as reading converter although it doesn't convert from a store-supported type; You might want to check your annotation setup at the converter implementation
2023-12-12 21:33:39,331 WARN [CustomConversions.java:266] - Registering converter from class java.time.LocalDateTime to class org.joda.time.LocalDateTime as reading converter although it doesn't convert from a store-supported type; You might want to check your annotation setup at the converter implementation
2023-12-12 21:33:39,551 TRACE [AbstractFallbackCacheOperationSource.java:102] - Adding cacheable method 'getGeocodeResultsForLocation' with attribute: [Builder[public com.example.backend.geocodingService.GeocodeResponse com.example.backend.geocodingService.GeocodingService.getGeocodeResultsForLocation(java.lang.String) throws com.example.backend.exceptions.GeocodeApiException] caches=[locationCache] | key='#location' | keyGenerator='' | cacheManager='' | cacheResolver='' | condition='' | unless='' | sync='false']
2023-12-12 21:33:39,827 INFO [SLF4JLogger.java:71] - Opened connection [connectionId{localValue:6, serverValue:36145}] to ac-18bygxp-shard-00-01.kk4fxua.mongodb.net:27017
2023-12-12 21:33:39,827 INFO [SLF4JLogger.java:71] - Opened connection [connectionId{localValue:1, serverValue:35558}] to ac-18bygxp-shard-00-00.kk4fxua.mongodb.net:27017
2023-12-12 21:33:39,828 INFO [SLF4JLogger.java:71] - Opened connection [connectionId{localValue:3, serverValue:34435}] to ac-18bygxp-shard-00-02.kk4fxua.mongodb.net:27017
2023-12-12 21:33:39,827 INFO [SLF4JLogger.java:71] - Opened connection [connectionId{localValue:4, serverValue:35551}] to ac-18bygxp-shard-00-00.kk4fxua.mongodb.net:27017
2023-12-12 21:33:39,827 INFO [SLF4JLogger.java:71] - Opened connection [connectionId{localValue:5, serverValue:36145}] to ac-18bygxp-shard-00-01.kk4fxua.mongodb.net:27017
2023-12-12 21:33:39,827 INFO [SLF4JLogger.java:71] - Opened connection [connectionId{localValue:2, serverValue:34435}] to ac-18bygxp-shard-00-02.kk4fxua.mongodb.net:27017
2023-12-12 21:33:39,831 INFO [SLF4JLogger.java:71] - Monitor thread successfully connected to server with description ServerDescription{address=ac-18bygxp-shard-00-02.kk4fxua.mongodb.net:27017, type=REPLICA_SET_SECONDARY, state=CONNECTED, ok=true, minWireVersion=0, maxWireVersion=17, maxDocumentSize=16777216, logicalSessionTimeoutMinutes=30, roundTripTimeNanos=506176166, setName='atlas-ahs3jo-shard-0', canonicalAddress=ac-18bygxp-shard-00-02.kk4fxua.mongodb.net:27017, hosts=[ac-18bygxp-shard-00-01.kk4fxua.mongodb.net:27017, ac-18bygxp-shard-00-02.kk4fxua.mongodb.net:27017, ac-18bygxp-shard-00-00.kk4fxua.mongodb.net:27017], passives=[], arbiters=[], primary='ac-18bygxp-shard-00-01.kk4fxua.mongodb.net:27017', tagSet=TagSet{[Tag{name='availabilityZone', value='use1-az1'}, Tag{name='nodeType', value='ELECTABLE'}, Tag{name='provider', value='AWS'}, Tag{name='region', value='US_EAST_1'}, Tag{name='workloadType', value='OPERATIONAL'}]}, electionId=null, setVersion=8, topologyVersion=TopologyVersion{processId=65781b685ed59c8d63652d90, counter=3}, lastWriteDate=Tue Dec 12 21:33:39 EST 2023, lastUpdateTimeNanos=3013434922144249}
2023-12-12 21:33:39,831 INFO [SLF4JLogger.java:71] - Monitor thread successfully connected to server with description ServerDescription{address=ac-18bygxp-shard-00-00.kk4fxua.mongodb.net:27017, type=REPLICA_SET_SECONDARY, state=CONNECTED, ok=true, minWireVersion=0, maxWireVersion=17, maxDocumentSize=16777216, logicalSessionTimeoutMinutes=30, roundTripTimeNanos=506206083, setName='atlas-ahs3jo-shard-0', canonicalAddress=ac-18bygxp-shard-00-00.kk4fxua.mongodb.net:27017, hosts=[ac-18bygxp-shard-00-01.kk4fxua.mongodb.net:27017, ac-18bygxp-shard-00-02.kk4fxua.mongodb.net:27017, ac-18bygxp-shard-00-00.kk4fxua.mongodb.net:27017], passives=[], arbiters=[], primary='ac-18bygxp-shard-00-01.kk4fxua.mongodb.net:27017', tagSet=TagSet{[Tag{name='availabilityZone', value='use1-az4'}, Tag{name='nodeType', value='ELECTABLE'}, Tag{name='provider', value='AWS'}, Tag{name='region', value='US_EAST_1'}, Tag{name='workloadType', value='OPERATIONAL'}]}, electionId=null, setVersion=8, topologyVersion=TopologyVersion{processId=6578174b60318445d60703eb, counter=4}, lastWriteDate=Tue Dec 12 21:33:39 EST 2023, lastUpdateTimeNanos=3013434922178499}
2023-12-12 21:33:39,831 INFO [SLF4JLogger.java:71] - Monitor thread successfully connected to server with description ServerDescription{address=ac-18bygxp-shard-00-01.kk4fxua.mongodb.net:27017, type=REPLICA_SET_PRIMARY, state=CONNECTED, ok=true, minWireVersion=0, maxWireVersion=17, maxDocumentSize=16777216, logicalSessionTimeoutMinutes=30, roundTripTimeNanos=506802250, setName='atlas-ahs3jo-shard-0', canonicalAddress=ac-18bygxp-shard-00-01.kk4fxua.mongodb.net:27017, hosts=[ac-18bygxp-shard-00-01.kk4fxua.mongodb.net:27017, ac-18bygxp-shard-00-02.kk4fxua.mongodb.net:27017, ac-18bygxp-shard-00-00.kk4fxua.mongodb.net:27017], passives=[], arbiters=[], primary='ac-18bygxp-shard-00-01.kk4fxua.mongodb.net:27017', tagSet=TagSet{[Tag{name='availabilityZone', value='use1-az6'}, Tag{name='nodeType', value='ELECTABLE'}, Tag{name='provider', value='AWS'}, Tag{name='region', value='US_EAST_1'}, Tag{name='workloadType', value='OPERATIONAL'}]}, electionId=7fffffff00000000000001a4, setVersion=8, topologyVersion=TopologyVersion{processId=65781a6e3cadbafa4ac3311d, counter=6}, lastWriteDate=Tue Dec 12 21:33:39 EST 2023, lastUpdateTimeNanos=3013434922805332}
2023-12-12 21:33:39,850 INFO [SLF4JLogger.java:71] - Setting max election id to 7fffffff00000000000001a4 from replica set primary ac-18bygxp-shard-00-01.kk4fxua.mongodb.net:27017
2023-12-12 21:33:39,851 INFO [SLF4JLogger.java:71] - Setting max set version to 8 from replica set primary ac-18bygxp-shard-00-01.kk4fxua.mongodb.net:27017
2023-12-12 21:33:39,852 INFO [SLF4JLogger.java:71] - Discovered replica set primary ac-18bygxp-shard-00-01.kk4fxua.mongodb.net:27017
2023-12-12 21:33:40,990 WARN [TransformerFactoryUtils.java:62] - http://javax.xml.XMLConstants/property/accessExternalDTD property not supported by org.apache.xalan.processor.TransformerFactoryImpl
2023-12-12 21:33:40,991 WARN [TransformerFactoryUtils.java:71] - http://javax.xml.XMLConstants/property/accessExternalStylesheet property not supported by org.apache.xalan.processor.TransformerFactoryImpl
2023-12-12 21:33:41,008 WARN [DocumentBuilderFactoryUtils.java:45] - http://javax.xml.XMLConstants/property/accessExternalDTD property not supported by org.apache.xerces.jaxp.DocumentBuilderFactoryImpl
2023-12-12 21:33:41,009 WARN [DocumentBuilderFactoryUtils.java:54] - http://javax.xml.XMLConstants/property/accessExternalSchema property not supported by org.apache.xerces.jaxp.DocumentBuilderFactoryImpl
2023-12-12 21:33:41,011 WARN [DocumentBuilderFactoryUtils.java:45] - http://javax.xml.XMLConstants/property/accessExternalDTD property not supported by org.apache.xerces.jaxp.DocumentBuilderFactoryImpl
2023-12-12 21:33:41,011 WARN [DocumentBuilderFactoryUtils.java:54] - http://javax.xml.XMLConstants/property/accessExternalSchema property not supported by org.apache.xerces.jaxp.DocumentBuilderFactoryImpl
2023-12-12 21:33:41,128 INFO [DirectJDKLog.java:173] - Starting ProtocolHandler ["http-nio-8080"]
2023-12-12 21:33:41,145 INFO [TomcatWebServer.java:220] - Tomcat started on port(s): 8080 (http) with context path ''
2023-12-12 21:33:41,146 INFO [AbstractConnectionFactory.java:639] - Attempting to connect to: [localhost:5672]
2023-12-12 21:33:41,197 INFO [AbstractConnectionFactory.java:590] - Created new connection: rabbitConnectionFactory#56ec6960:0/SimpleConnection@c87787d [delegate=amqp://guest@127.0.0.1:5672/, localPort= 64456]
2023-12-12 21:33:41,200 INFO [RabbitAdmin.java:686] - Auto-declaring a non-durable, auto-delete, or exclusive Queue (article_processing_queue) durable:false, auto-delete:false, exclusive:false. It will be redeclared if the broker stops and is restarted while the connection factory is alive, but all messages will be lost.
2023-12-12 21:33:44,336 INFO [DirectJDKLog.java:173] - Initializing Spring DispatcherServlet 'dispatcherServlet'
2023-12-12 21:33:44,337 INFO [FrameworkServlet.java:525] - Initializing Servlet 'dispatcherServlet'
2023-12-12 21:33:44,341 INFO [FrameworkServlet.java:547] - Completed initialization in 4 ms
2023-12-12 21:33:46,298 INFO [SLF4JLogger.java:71] - Opened connection [connectionId{localValue:7, serverValue:36091}] to ac-18bygxp-shard-00-01.kk4fxua.mongodb.net:27017
2023-12-12 21:33:46,543 INFO [SLF4JLogger.java:71] - Opened connection [connectionId{localValue:8, serverValue:36153}] to ac-18bygxp-shard-00-01.kk4fxua.mongodb.net:27017
2023-12-12 21:33:47,231 INFO [SLF4JHandler.java:88] - Loading POS tagger from edu/stanford/nlp/models/pos-tagger/english-left3words-distsim.tagger ... done [0.5 sec].
2023-12-12 21:33:48,103 INFO [SLF4JHandler.java:88] - Loading classifier from edu/stanford/nlp/models/ner/english.all.3class.distsim.crf.ser.gz ... done [0.8 sec].
2023-12-12 21:33:48,529 INFO [SLF4JHandler.java:88] - Loading classifier from edu/stanford/nlp/models/ner/english.muc.7class.distsim.crf.ser.gz ... done [0.4 sec].
2023-12-12 21:33:49,044 INFO [SLF4JHandler.java:88] - Loading classifier from edu/stanford/nlp/models/ner/english.conll.4class.distsim.crf.ser.gz ... done [0.5 sec].
2023-12-12 21:33:49,053 INFO [SLF4JHandler.java:88] - Initializing JollyDayHoliday for SUTime from classpath edu/stanford/nlp/models/sutime/jollyday/Holidays_sutime.xml as sutime.binder.1.
2023-12-12 21:33:49,190 INFO [SLF4JHandler.java:88] - Using following SUTime rules: edu/stanford/nlp/models/sutime/defs.sutime.txt,edu/stanford/nlp/models/sutime/english.sutime.txt,edu/stanford/nlp/models/sutime/english.holidays.sutime.txt
2023-12-12 21:33:51,416 INFO [SLF4JHandler.java:88] - ner.fine.regexner: Read 580705 unique entries out of 581864 from edu/stanford/nlp/models/kbp/english/gazetteers/regexner_caseless.tab, 0 TokensRegex patterns.
2023-12-12 21:33:51,434 INFO [SLF4JHandler.java:88] - ner.fine.regexner: Read 4867 unique entries out of 4867 from edu/stanford/nlp/models/kbp/english/gazetteers/regexner_cased.tab, 0 TokensRegex patterns.
2023-12-12 21:33:51,435 INFO [SLF4JHandler.java:88] - ner.fine.regexner: Read 585572 unique entries from 2 files
2023-12-12 21:33:53,947 INFO [SLF4JHandler.java:88] - numeric classifiers: true; SUTime: true [no docDate]; fine grained: true
2023-12-12 21:33:54,820 TRACE [CacheAspectSupport.java:597] - Computed cache key 'US' for operation Builder[public com.example.backend.geocodingService.GeocodeResponse com.example.backend.geocodingService.GeocodingService.getGeocodeResultsForLocation(java.lang.String) throws com.example.backend.exceptions.GeocodeApiException] caches=[locationCache] | key='#location' | keyGenerator='' | cacheManager='' | cacheResolver='' | condition='' | unless='' | sync='false'
2023-12-12 21:33:54,821 TRACE [CacheAspectSupport.java:541] - No cache entry for key 'US' in cache(s) [locationCache]
2023-12-12 21:33:54,821 TRACE [CacheAspectSupport.java:597] - Computed cache key 'US' for operation Builder[public com.example.backend.geocodingService.GeocodeResponse com.example.backend.geocodingService.GeocodingService.getGeocodeResultsForLocation(java.lang.String) throws com.example.backend.exceptions.GeocodeApiException] caches=[locationCache] | key='#location' | keyGenerator='' | cacheManager='' | cacheResolver='' | condition='' | unless='' | sync='false'
2023-12-12 21:33:55,353 TRACE [CacheAspectSupport.java:597] - Computed cache key 'Israel' for operation Builder[public com.example.backend.geocodingService.GeocodeResponse com.example.backend.geocodingService.GeocodingService.getGeocodeResultsForLocation(java.lang.String) throws com.example.backend.exceptions.GeocodeApiException] caches=[locationCache] | key='#location' | keyGenerator='' | cacheManager='' | cacheResolver='' | condition='' | unless='' | sync='false'
2023-12-12 21:33:55,354 TRACE [CacheAspectSupport.java:541] - No cache entry for key 'Israel' in cache(s) [locationCache]
2023-12-12 21:33:55,354 TRACE [CacheAspectSupport.java:597] - Computed cache key 'Israel' for operation Builder[public com.example.backend.geocodingService.GeocodeResponse com.example.backend.geocodingService.GeocodingService.getGeocodeResultsForLocation(java.lang.String) throws com.example.backend.exceptions.GeocodeApiException] caches=[locationCache] | key='#location' | keyGenerator='' | cacheManager='' | cacheResolver='' | condition='' | unless='' | sync='false'
2023-12-12 21:33:56,371 TRACE [CacheAspectSupport.java:597] - Computed cache key 'US' for operation Builder[public com.example.backend.geocodingService.GeocodeResponse com.example.backend.geocodingService.GeocodingService.getGeocodeResultsForLocation(java.lang.String) throws com.example.backend.exceptions.GeocodeApiException] caches=[locationCache] | key='#location' | keyGenerator='' | cacheManager='' | cacheResolver='' | condition='' | unless='' | sync='false'
2023-12-12 21:33:56,374 TRACE [CacheAspectSupport.java:573] - Cache entry for key 'US' found in cache 'locationCache'
2023-12-12 21:33:56,470 TRACE [CacheAspectSupport.java:597] - Computed cache key 'Ukraine' for operation Builder[public com.example.backend.geocodingService.GeocodeResponse com.example.backend.geocodingService.GeocodingService.getGeocodeResultsForLocation(java.lang.String) throws com.example.backend.exceptions.GeocodeApiException] caches=[locationCache] | key='#location' | keyGenerator='' | cacheManager='' | cacheResolver='' | condition='' | unless='' | sync='false'
2023-12-12 21:33:56,470 TRACE [CacheAspectSupport.java:541] - No cache entry for key 'Ukraine' in cache(s) [locationCache]
2023-12-12 21:33:56,471 TRACE [CacheAspectSupport.java:597] - Computed cache key 'Ukraine' for operation Builder[public com.example.backend.geocodingService.GeocodeResponse com.example.backend.geocodingService.GeocodingService.getGeocodeResultsForLocation(java.lang.String) throws com.example.backend.exceptions.GeocodeApiException] caches=[locationCache] | key='#location' | keyGenerator='' | cacheManager='' | cacheResolver='' | condition='' | unless='' | sync='false'
2023-12-12 21:33:57,323 TRACE [CacheAspectSupport.java:597] - Computed cache key 'Gaza' for operation Builder[public com.example.backend.geocodingService.GeocodeResponse com.example.backend.geocodingService.GeocodingService.getGeocodeResultsForLocation(java.lang.String) throws com.example.backend.exceptions.GeocodeApiException] caches=[locationCache] | key='#location' | keyGenerator='' | cacheManager='' | cacheResolver='' | condition='' | unless='' | sync='false'
2023-12-12 21:33:57,324 TRACE [CacheAspectSupport.java:541] - No cache entry for key 'Gaza' in cache(s) [locationCache]
2023-12-12 21:33:57,325 TRACE [CacheAspectSupport.java:597] - Computed cache key 'Gaza' for operation Builder[public com.example.backend.geocodingService.GeocodeResponse com.example.backend.geocodingService.GeocodingService.getGeocodeResultsForLocation(java.lang.String) throws com.example.backend.exceptions.GeocodeApiException] caches=[locationCache] | key='#location' | keyGenerator='' | cacheManager='' | cacheResolver='' | condition='' | unless='' | sync='false'
2023-12-12 21:33:58,476 TRACE [CacheAspectSupport.java:597] - Computed cache key 'Poland' for operation Builder[public com.example.backend.geocodingService.GeocodeResponse com.example.backend.geocodingService.GeocodingService.getGeocodeResultsForLocation(java.lang.String) throws com.example.backend.exceptions.GeocodeApiException] caches=[locationCache] | key='#location' | keyGenerator='' | cacheManager='' | cacheResolver='' | condition='' | unless='' | sync='false'
2023-12-12 21:33:58,476 TRACE [CacheAspectSupport.java:541] - No cache entry for key 'Poland' in cache(s) [locationCache]
2023-12-12 21:33:58,477 TRACE [CacheAspectSupport.java:597] - Computed cache key 'Poland' for operation Builder[public com.example.backend.geocodingService.GeocodeResponse com.example.backend.geocodingService.GeocodingService.getGeocodeResultsForLocation(java.lang.String) throws com.example.backend.exceptions.GeocodeApiException] caches=[locationCache] | key='#location' | keyGenerator='' | cacheManager='' | cacheResolver='' | condition='' | unless='' | sync='false'
2023-12-12 21:33:59,475 TRACE [CacheAspectSupport.java:597] - Computed cache key 'France' for operation Builder[public com.example.backend.geocodingService.GeocodeResponse com.example.backend.geocodingService.GeocodingService.getGeocodeResultsForLocation(java.lang.String) throws com.example.backend.exceptions.GeocodeApiException] caches=[locationCache] | key='#location' | keyGenerator='' | cacheManager='' | cacheResolver='' | condition='' | unless='' | sync='false'
2023-12-12 21:33:59,479 TRACE [CacheAspectSupport.java:541] - No cache entry for key 'France' in cache(s) [locationCache]
2023-12-12 21:33:59,480 TRACE [CacheAspectSupport.java:597] - Computed cache key 'France' for operation Builder[public com.example.backend.geocodingService.GeocodeResponse com.example.backend.geocodingService.GeocodingService.getGeocodeResultsForLocation(java.lang.String) throws com.example.backend.exceptions.GeocodeApiException] caches=[locationCache] | key='#location' | keyGenerator='' | cacheManager='' | cacheResolver='' | condition='' | unless='' | sync='false'
2023-12-12 21:34:00,501 TRACE [CacheAspectSupport.java:597] - Computed cache key 'Cuba' for operation Builder[public com.example.backend.geocodingService.GeocodeResponse com.example.backend.geocodingService.GeocodingService.getGeocodeResultsForLocation(java.lang.String) throws com.example.backend.exceptions.GeocodeApiException] caches=[locationCache] | key='#location' | keyGenerator='' | cacheManager='' | cacheResolver='' | condition='' | unless='' | sync='false'
2023-12-12 21:34:00,502 TRACE [CacheAspectSupport.java:541] - No cache entry for key 'Cuba' in cache(s) [locationCache]
2023-12-12 21:34:00,502 TRACE [CacheAspectSupport.java:597] - Computed cache key 'Cuba' for operation Builder[public com.example.backend.geocodingService.GeocodeResponse com.example.backend.geocodingService.GeocodingService.getGeocodeResultsForLocation(java.lang.String) throws com.example.backend.exceptions.GeocodeApiException] caches=[locationCache] | key='#location' | keyGenerator='' | cacheManager='' | cacheResolver='' | condition='' | unless='' | sync='false'
2023-12-12 21:34:01,397 TRACE [CacheAspectSupport.java:597] - Computed cache key 'Palestinian Territories' for operation Builder[public com.example.backend.geocodingService.GeocodeResponse com.example.backend.geocodingService.GeocodingService.getGeocodeResultsForLocation(java.lang.String) throws com.example.backend.exceptions.GeocodeApiException] caches=[locationCache] | key='#location' | keyGenerator='' | cacheManager='' | cacheResolver='' | condition='' | unless='' | sync='false'
2023-12-12 21:34:01,399 TRACE [CacheAspectSupport.java:541] - No cache entry for key 'Palestinian Territories' in cache(s) [locationCache]
2023-12-12 21:34:01,402 TRACE [CacheAspectSupport.java:597] - Computed cache key 'Palestinian Territories' for operation Builder[public com.example.backend.geocodingService.GeocodeResponse com.example.backend.geocodingService.GeocodingService.getGeocodeResultsForLocation(java.lang.String) throws com.example.backend.exceptions.GeocodeApiException] caches=[locationCache] | key='#location' | keyGenerator='' | cacheManager='' | cacheResolver='' | condition='' | unless='' | sync='false'
2023-12-12 21:34:02,113 TRACE [CacheAspectSupport.java:597] - Computed cache key 'Yemen' for operation Builder[public com.example.backend.geocodingService.GeocodeResponse com.example.backend.geocodingService.GeocodingService.getGeocodeResultsForLocation(java.lang.String) throws com.example.backend.exceptions.GeocodeApiException] caches=[locationCache] | key='#location' | keyGenerator='' | cacheManager='' | cacheResolver='' | condition='' | unless='' | sync='false'
2023-12-12 21:34:02,114 TRACE [CacheAspectSupport.java:541] - No cache entry for key 'Yemen' in cache(s) [locationCache]
2023-12-12 21:34:02,114 TRACE [CacheAspectSupport.java:597] - Computed cache key 'Yemen' for operation Builder[public com.example.backend.geocodingService.GeocodeResponse com.example.backend.geocodingService.GeocodingService.getGeocodeResultsForLocation(java.lang.String) throws com.example.backend.exceptions.GeocodeApiException] caches=[locationCache] | key='#location' | keyGenerator='' | cacheManager='' | cacheResolver='' | condition='' | unless='' | sync='false'
2023-12-12 21:34:02,351 TRACE [CacheAspectSupport.java:597] - Computed cache key 'US' for operation Builder[public com.example.backend.geocodingService.GeocodeResponse com.example.backend.geocodingService.GeocodingService.getGeocodeResultsForLocation(java.lang.String) throws com.example.backend.exceptions.GeocodeApiException] caches=[locationCache] | key='#location' | keyGenerator='' | cacheManager='' | cacheResolver='' | condition='' | unless='' | sync='false'
2023-12-12 21:34:02,352 TRACE [CacheAspectSupport.java:573] - Cache entry for key 'US' found in cache 'locationCache'
2023-12-12 21:34:03,076 TRACE [CacheAspectSupport.java:597] - Computed cache key 'Berlin' for operation Builder[public com.example.backend.geocodingService.GeocodeResponse com.example.backend.geocodingService.GeocodingService.getGeocodeResultsForLocation(java.lang.String) throws com.example.backend.exceptions.GeocodeApiException] caches=[locationCache] | key='#location' | keyGenerator='' | cacheManager='' | cacheResolver='' | condition='' | unless='' | sync='false'
2023-12-12 21:34:03,077 TRACE [CacheAspectSupport.java:541] - No cache entry for key 'Berlin' in cache(s) [locationCache]
2023-12-12 21:34:03,078 TRACE [CacheAspectSupport.java:597] - Computed cache key 'Berlin' for operation Builder[public com.example.backend.geocodingService.GeocodeResponse com.example.backend.geocodingService.GeocodingService.getGeocodeResultsForLocation(java.lang.String) throws com.example.backend.exceptions.GeocodeApiException] caches=[locationCache] | key='#location' | keyGenerator='' | cacheManager='' | cacheResolver='' | condition='' | unless='' | sync='false'
2023-12-12 21:34:03,298 TRACE [CacheAspectSupport.java:597] - Computed cache key 'Paris' for operation Builder[public com.example.backend.geocodingService.GeocodeResponse com.example.backend.geocodingService.GeocodingService.getGeocodeResultsForLocation(java.lang.String) throws com.example.backend.exceptions.GeocodeApiException] caches=[locationCache] | key='#location' | keyGenerator='' | cacheManager='' | cacheResolver='' | condition='' | unless='' | sync='false'
2023-12-12 21:34:03,299 TRACE [CacheAspectSupport.java:541] - No cache entry for key 'Paris' in cache(s) [locationCache]
2023-12-12 21:34:03,299 TRACE [CacheAspectSupport.java:597] - Computed cache key 'Paris' for operation Builder[public com.example.backend.geocodingService.GeocodeResponse com.example.backend.geocodingService.GeocodingService.getGeocodeResultsForLocation(java.lang.String) throws com.example.backend.exceptions.GeocodeApiException] caches=[locationCache] | key='#location' | keyGenerator='' | cacheManager='' | cacheResolver='' | condition='' | unless='' | sync='false'
2023-12-12 21:34:04,094 TRACE [CacheAspectSupport.java:597] - Computed cache key 'Arizona' for operation Builder[public com.example.backend.geocodingService.GeocodeResponse com.example.backend.geocodingService.GeocodingService.getGeocodeResultsForLocation(java.lang.String) throws com.example.backend.exceptions.GeocodeApiException] caches=[locationCache] | key='#location' | keyGenerator='' | cacheManager='' | cacheResolver='' | condition='' | unless='' | sync='false'
2023-12-12 21:34:04,095 TRACE [CacheAspectSupport.java:541] - No cache entry for key 'Arizona' in cache(s) [locationCache]
2023-12-12 21:34:04,095 TRACE [CacheAspectSupport.java:597] - Computed cache key 'Arizona' for operation Builder[public com.example.backend.geocodingService.GeocodeResponse com.example.backend.geocodingService.GeocodingService.getGeocodeResultsForLocation(java.lang.String) throws com.example.backend.exceptions.GeocodeApiException] caches=[locationCache] | key='#location' | keyGenerator='' | cacheManager='' | cacheResolver='' | condition='' | unless='' | sync='false'
2023-12-12 21:34:04,969 TRACE [CacheAspectSupport.java:597] - Computed cache key 'Rwanda' for operation Builder[public com.example.backend.geocodingService.GeocodeResponse com.example.backend.geocodingService.GeocodingService.getGeocodeResultsForLocation(java.lang.String) throws com.example.backend.exceptions.GeocodeApiException] caches=[locationCache] | key='#location' | keyGenerator='' | cacheManager='' | cacheResolver='' | condition='' | unless='' | sync='false'
2023-12-12 21:34:04,970 TRACE [CacheAspectSupport.java:541] - No cache entry for key 'Rwanda' in cache(s) [locationCache]
2023-12-12 21:34:04,970 TRACE [CacheAspectSupport.java:597] - Computed cache key 'Rwanda' for operation Builder[public com.example.backend.geocodingService.GeocodeResponse com.example.backend.geocodingService.GeocodingService.getGeocodeResultsForLocation(java.lang.String) throws com.example.backend.exceptions.GeocodeApiException] caches=[locationCache] | key='#location' | keyGenerator='' | cacheManager='' | cacheResolver='' | condition='' | unless='' | sync='false'
2023-12-12 21:34:05,823 TRACE [CacheAspectSupport.java:597] - Computed cache key 'Germany' for operation Builder[public com.example.backend.geocodingService.GeocodeResponse com.example.backend.geocodingService.GeocodingService.getGeocodeResultsForLocation(java.lang.String) throws com.example.backend.exceptions.GeocodeApiException] caches=[locationCache] | key='#location' | keyGenerator='' | cacheManager='' | cacheResolver='' | condition='' | unless='' | sync='false'
2023-12-12 21:34:05,824 TRACE [CacheAspectSupport.java:541] - No cache entry for key 'Germany' in cache(s) [locationCache]
2023-12-12 21:34:05,824 TRACE [CacheAspectSupport.java:597] - Computed cache key 'Germany' for operation Builder[public com.example.backend.geocodingService.GeocodeResponse com.example.backend.geocodingService.GeocodingService.getGeocodeResultsForLocation(java.lang.String) throws com.example.backend.exceptions.GeocodeApiException] caches=[locationCache] | key='#location' | keyGenerator='' | cacheManager='' | cacheResolver='' | condition='' | unless='' | sync='false'
2023-12-12 21:34:06,038 TRACE [CacheAspectSupport.java:597] - Computed cache key 'Israel' for operation Builder[public com.example.backend.geocodingService.GeocodeResponse com.example.backend.geocodingService.GeocodingService.getGeocodeResultsForLocation(java.lang.String) throws com.example.backend.exceptions.GeocodeApiException] caches=[locationCache] | key='#location' | keyGenerator='' | cacheManager='' | cacheResolver='' | condition='' | unless='' | sync='false'
2023-12-12 21:34:06,039 TRACE [CacheAspectSupport.java:573] - Cache entry for key 'Israel' found in cache 'locationCache'
2023-12-12 21:34:06,682 TRACE [CacheAspectSupport.java:597] - Computed cache key 'Poland' for operation Builder[public com.example.backend.geocodingService.GeocodeResponse com.example.backend.geocodingService.GeocodingService.getGeocodeResultsForLocation(java.lang.String) throws com.example.backend.exceptions.GeocodeApiException] caches=[locationCache] | key='#location' | keyGenerator='' | cacheManager='' | cacheResolver='' | condition='' | unless='' | sync='false'
2023-12-12 21:34:06,684 TRACE [CacheAspectSupport.java:573] - Cache entry for key 'Poland' found in cache 'locationCache'
2023-12-12 21:34:07,304 TRACE [CacheAspectSupport.java:597] - Computed cache key 'Ukraine' for operation Builder[public com.example.backend.geocodingService.GeocodeResponse com.example.backend.geocodingService.GeocodingService.getGeocodeResultsForLocation(java.lang.String) throws com.example.backend.exceptions.GeocodeApiException] caches=[locationCache] | key='#location' | keyGenerator='' | cacheManager='' | cacheResolver='' | condition='' | unless='' | sync='false'
2023-12-12 21:34:07,304 TRACE [CacheAspectSupport.java:573] - Cache entry for key 'Ukraine' found in cache 'locationCache'
2023-12-12 21:34:08,086 TRACE [CacheAspectSupport.java:597] - Computed cache key 'Gaza' for operation Builder[public com.example.backend.geocodingService.GeocodeResponse com.example.backend.geocodingService.GeocodingService.getGeocodeResultsForLocation(java.lang.String) throws com.example.backend.exceptions.GeocodeApiException] caches=[locationCache] | key='#location' | keyGenerator='' | cacheManager='' | cacheResolver='' | condition='' | unless='' | sync='false'
2023-12-12 21:34:08,087 TRACE [CacheAspectSupport.java:573] - Cache entry for key 'Gaza' found in cache 'locationCache'
2023-12-12 21:34:08,764 TRACE [CacheAspectSupport.java:597] - Computed cache key 'Gaza' for operation Builder[public com.example.backend.geocodingService.GeocodeResponse com.example.backend.geocodingService.GeocodingService.getGeocodeResultsForLocation(java.lang.String) throws com.example.backend.exceptions.GeocodeApiException] caches=[locationCache] | key='#location' | keyGenerator='' | cacheManager='' | cacheResolver='' | condition='' | unless='' | sync='false'
2023-12-12 21:34:08,765 TRACE [CacheAspectSupport.java:573] - Cache entry for key 'Gaza' found in cache 'locationCache'
2023-12-12 21:34:09,395 TRACE [CacheAspectSupport.java:597] - Computed cache key 'Pacific' for operation Builder[public com.example.backend.geocodingService.GeocodeResponse com.example.backend.geocodingService.GeocodingService.getGeocodeResultsForLocation(java.lang.String) throws com.example.backend.exceptions.GeocodeApiException] caches=[locationCache] | key='#location' | keyGenerator='' | cacheManager='' | cacheResolver='' | condition='' | unless='' | sync='false'
2023-12-12 21:34:09,396 TRACE [CacheAspectSupport.java:541] - No cache entry for key 'Pacific' in cache(s) [locationCache]
2023-12-12 21:34:09,397 TRACE [CacheAspectSupport.java:597] - Computed cache key 'Pacific' for operation Builder[public com.example.backend.geocodingService.GeocodeResponse com.example.backend.geocodingService.GeocodingService.getGeocodeResultsForLocation(java.lang.String) throws com.example.backend.exceptions.GeocodeApiException] caches=[locationCache] | key='#location' | keyGenerator='' | cacheManager='' | cacheResolver='' | condition='' | unless='' | sync='false'
2023-12-12 21:35:22,835 INFO [SimpleMessageListenerContainer.java:645] - Waiting for workers to finish.
2023-12-12 21:35:23,000 INFO [SimpleMessageListenerContainer.java:649] - Successfully waited for workers to finish.
