2023-12-12 22:15:21,324 INFO [RepositoryConfigurationDelegate.java:132] - Bootstrapping Spring Data MongoDB repositories in DEFAULT mode.
2023-12-12 22:15:21,385 INFO [RepositoryConfigurationDelegate.java:201] - Finished Spring Data repository scanning in 55 ms. Found 2 MongoDB repository interfaces.
2023-12-12 22:15:21,639 INFO [PostProcessorRegistrationDelegate.java:376] - Bean 'org.springframework.ws.config.annotation.DelegatingWsConfiguration' of type [org.springframework.ws.config.annotation.DelegatingWsConfiguration$$EnhancerBySpringCGLIB$$1f8fd40c] is not eligible for getting processed by all BeanPostProcessors (for example: not eligible for auto-proxying)
2023-12-12 22:15:21,672 WARN [DocumentBuilderFactoryUtils.java:45] - http://javax.xml.XMLConstants/property/accessExternalDTD property not supported by org.apache.xerces.jaxp.DocumentBuilderFactoryImpl
2023-12-12 22:15:21,673 WARN [DocumentBuilderFactoryUtils.java:54] - http://javax.xml.XMLConstants/property/accessExternalSchema property not supported by org.apache.xerces.jaxp.DocumentBuilderFactoryImpl
2023-12-12 22:15:21,704 INFO [AbstractAddressingEndpointMapping.java:239] - Supporting [WS-Addressing August 2004, WS-Addressing 1.0]
2023-12-12 22:15:21,966 INFO [TomcatWebServer.java:108] - Tomcat initialized with port(s): 8080 (http)
2023-12-12 22:15:21,971 INFO [DirectJDKLog.java:173] - Initializing ProtocolHandler ["http-nio-8080"]
2023-12-12 22:15:21,972 INFO [DirectJDKLog.java:173] - Starting service [Tomcat]
2023-12-12 22:15:21,972 INFO [DirectJDKLog.java:173] - Starting Servlet engine: [Apache Tomcat/9.0.82]
2023-12-12 22:15:22,069 INFO [DirectJDKLog.java:173] - Initializing Spring embedded WebApplicationContext
2023-12-12 22:15:22,071 INFO [ServletWebServerApplicationContext.java:292] - Root WebApplicationContext: initialization completed in 1588 ms
2023-12-12 22:15:22,333 INFO [SLF4JLogger.java:71] - MongoClient with metadata {"driver": {"name": "mongo-java-driver|sync|spring-boot", "version": "4.6.1"}, "os": {"type": "Darwin", "name": "Mac OS X", "architecture": "x86_64", "version": "14.0"}, "platform": "Java/Homebrew/17.0.9+0"} created with settings MongoClientSettings{readPreference=primary, writeConcern=WriteConcern{w=majority, wTimeout=null ms, journal=null}, retryWrites=true, retryReads=true, readConcern=ReadConcern{level=null}, credential=MongoCredential{mechanism=null, userName='zaultavangar', source='admin', password=<hidden>, mechanismProperties=<hidden>}, streamFactoryFactory=null, commandListeners=[], codecRegistry=ProvidersCodecRegistry{codecProviders=[ValueCodecProvider{}, BsonValueCodecProvider{}, DBRefCodecProvider{}, DBObjectCodecProvider{}, DocumentCodecProvider{}, IterableCodecProvider{}, MapCodecProvider{}, GeoJsonCodecProvider{}, GridFSFileCodecProvider{}, Jsr310CodecProvider{}, JsonObjectCodecProvider{}, BsonCodecProvider{}, EnumCodecProvider{}, com.mongodb.Jep395RecordCodecProvider@168142da]}, clusterSettings={hosts=[127.0.0.1:27017], srvHost=cluster0.kk4fxua.mongodb.net, srvServiceName=mongodb, mode=MULTIPLE, requiredClusterType=REPLICA_SET, requiredReplicaSetName='atlas-ahs3jo-shard-0', serverSelector='null', clusterListeners='[]', serverSelectionTimeout='30000 ms', localThreshold='30000 ms'}, socketSettings=SocketSettings{connectTimeoutMS=10000, readTimeoutMS=0, receiveBufferSize=0, sendBufferSize=0}, heartbeatSocketSettings=SocketSettings{connectTimeoutMS=10000, readTimeoutMS=10000, receiveBufferSize=0, sendBufferSize=0}, connectionPoolSettings=ConnectionPoolSettings{maxSize=100, minSize=0, maxWaitTimeMS=120000, maxConnectionLifeTimeMS=0, maxConnectionIdleTimeMS=0, maintenanceInitialDelayMS=0, maintenanceFrequencyMS=60000, connectionPoolListeners=[], maxConnecting=2}, serverSettings=ServerSettings{heartbeatFrequencyMS=10000, minHeartbeatFrequencyMS=500, serverListeners='[]', serverMonitorListeners='[]'}, sslSettings=SslSettings{enabled=true, invalidHostNameAllowed=false, context=null}, applicationName='null', compressorList=[], uuidRepresentation=JAVA_LEGACY, serverApi=null, autoEncryptionSettings=null, contextProvider=null}
2023-12-12 22:15:22,363 INFO [SLF4JLogger.java:71] - Adding discovered server ac-18bygxp-shard-00-02.kk4fxua.mongodb.net:27017 to client view of cluster
2023-12-12 22:15:22,381 INFO [SLF4JLogger.java:71] - Adding discovered server ac-18bygxp-shard-00-00.kk4fxua.mongodb.net:27017 to client view of cluster
2023-12-12 22:15:22,382 INFO [SLF4JLogger.java:71] - Adding discovered server ac-18bygxp-shard-00-01.kk4fxua.mongodb.net:27017 to client view of cluster
2023-12-12 22:15:22,440 WARN [CustomConversions.java:266] - Registering converter from class java.time.LocalDateTime to class org.joda.time.LocalDateTime as reading converter although it doesn't convert from a store-supported type; You might want to check your annotation setup at the converter implementation
2023-12-12 22:15:22,645 WARN [CustomConversions.java:266] - Registering converter from class java.time.LocalDateTime to class org.joda.time.LocalDateTime as reading converter although it doesn't convert from a store-supported type; You might want to check your annotation setup at the converter implementation
2023-12-12 22:15:22,826 TRACE [AbstractFallbackCacheOperationSource.java:102] - Adding cacheable method 'getGeocodeResultsForLocation' with attribute: [Builder[public com.example.backend.geocodingService.GeocodeResponse com.example.backend.geocodingService.GeocodingService.getGeocodeResultsForLocation(java.lang.String) throws com.example.backend.exceptions.GeocodeApiException] caches=[locationCache] | key='#location' | keyGenerator='' | cacheManager='' | cacheResolver='' | condition='' | unless='' | sync='false']
2023-12-12 22:15:23,041 INFO [SLF4JLogger.java:71] - Opened connection [connectionId{localValue:3, serverValue:35494}] to ac-18bygxp-shard-00-02.kk4fxua.mongodb.net:27017
2023-12-12 22:15:23,041 INFO [SLF4JLogger.java:71] - Opened connection [connectionId{localValue:2, serverValue:37358}] to ac-18bygxp-shard-00-01.kk4fxua.mongodb.net:27017
2023-12-12 22:15:23,041 INFO [SLF4JLogger.java:71] - Opened connection [connectionId{localValue:4, serverValue:37358}] to ac-18bygxp-shard-00-01.kk4fxua.mongodb.net:27017
2023-12-12 22:15:23,041 INFO [SLF4JLogger.java:71] - Opened connection [connectionId{localValue:1, serverValue:36610}] to ac-18bygxp-shard-00-00.kk4fxua.mongodb.net:27017
2023-12-12 22:15:23,041 INFO [SLF4JLogger.java:71] - Opened connection [connectionId{localValue:5, serverValue:35494}] to ac-18bygxp-shard-00-02.kk4fxua.mongodb.net:27017
2023-12-12 22:15:23,042 INFO [SLF4JLogger.java:71] - Monitor thread successfully connected to server with description ServerDescription{address=ac-18bygxp-shard-00-02.kk4fxua.mongodb.net:27017, type=REPLICA_SET_SECONDARY, state=CONNECTED, ok=true, minWireVersion=0, maxWireVersion=17, maxDocumentSize=16777216, logicalSessionTimeoutMinutes=30, roundTripTimeNanos=370021541, setName='atlas-ahs3jo-shard-0', canonicalAddress=ac-18bygxp-shard-00-02.kk4fxua.mongodb.net:27017, hosts=[ac-18bygxp-shard-00-01.kk4fxua.mongodb.net:27017, ac-18bygxp-shard-00-02.kk4fxua.mongodb.net:27017, ac-18bygxp-shard-00-00.kk4fxua.mongodb.net:27017], passives=[], arbiters=[], primary='ac-18bygxp-shard-00-01.kk4fxua.mongodb.net:27017', tagSet=TagSet{[Tag{name='availabilityZone', value='use1-az1'}, Tag{name='nodeType', value='ELECTABLE'}, Tag{name='provider', value='AWS'}, Tag{name='region', value='US_EAST_1'}, Tag{name='workloadType', value='OPERATIONAL'}]}, electionId=null, setVersion=8, topologyVersion=TopologyVersion{processId=65781b685ed59c8d63652d90, counter=3}, lastWriteDate=Tue Dec 12 22:15:23 EST 2023, lastUpdateTimeNanos=3015938156444124}
2023-12-12 22:15:23,042 INFO [SLF4JLogger.java:71] - Monitor thread successfully connected to server with description ServerDescription{address=ac-18bygxp-shard-00-00.kk4fxua.mongodb.net:27017, type=REPLICA_SET_SECONDARY, state=CONNECTED, ok=true, minWireVersion=0, maxWireVersion=17, maxDocumentSize=16777216, logicalSessionTimeoutMinutes=30, roundTripTimeNanos=376879917, setName='atlas-ahs3jo-shard-0', canonicalAddress=ac-18bygxp-shard-00-00.kk4fxua.mongodb.net:27017, hosts=[ac-18bygxp-shard-00-01.kk4fxua.mongodb.net:27017, ac-18bygxp-shard-00-02.kk4fxua.mongodb.net:27017, ac-18bygxp-shard-00-00.kk4fxua.mongodb.net:27017], passives=[], arbiters=[], primary='ac-18bygxp-shard-00-01.kk4fxua.mongodb.net:27017', tagSet=TagSet{[Tag{name='availabilityZone', value='use1-az4'}, Tag{name='nodeType', value='ELECTABLE'}, Tag{name='provider', value='AWS'}, Tag{name='region', value='US_EAST_1'}, Tag{name='workloadType', value='OPERATIONAL'}]}, electionId=null, setVersion=8, topologyVersion=TopologyVersion{processId=6578174b60318445d60703eb, counter=4}, lastWriteDate=Tue Dec 12 22:15:23 EST 2023, lastUpdateTimeNanos=3015938156630707}
2023-12-12 22:15:23,042 INFO [SLF4JLogger.java:71] - Monitor thread successfully connected to server with description ServerDescription{address=ac-18bygxp-shard-00-01.kk4fxua.mongodb.net:27017, type=REPLICA_SET_PRIMARY, state=CONNECTED, ok=true, minWireVersion=0, maxWireVersion=17, maxDocumentSize=16777216, logicalSessionTimeoutMinutes=30, roundTripTimeNanos=370195750, setName='atlas-ahs3jo-shard-0', canonicalAddress=ac-18bygxp-shard-00-01.kk4fxua.mongodb.net:27017, hosts=[ac-18bygxp-shard-00-01.kk4fxua.mongodb.net:27017, ac-18bygxp-shard-00-02.kk4fxua.mongodb.net:27017, ac-18bygxp-shard-00-00.kk4fxua.mongodb.net:27017], passives=[], arbiters=[], primary='ac-18bygxp-shard-00-01.kk4fxua.mongodb.net:27017', tagSet=TagSet{[Tag{name='availabilityZone', value='use1-az6'}, Tag{name='nodeType', value='ELECTABLE'}, Tag{name='provider', value='AWS'}, Tag{name='region', value='US_EAST_1'}, Tag{name='workloadType', value='OPERATIONAL'}]}, electionId=7fffffff00000000000001a4, setVersion=8, topologyVersion=TopologyVersion{processId=65781a6e3cadbafa4ac3311d, counter=6}, lastWriteDate=Tue Dec 12 22:15:23 EST 2023, lastUpdateTimeNanos=3015938156476499}
2023-12-12 22:15:23,042 INFO [SLF4JLogger.java:71] - Opened connection [connectionId{localValue:6, serverValue:36610}] to ac-18bygxp-shard-00-00.kk4fxua.mongodb.net:27017
2023-12-12 22:15:23,045 INFO [SLF4JLogger.java:71] - Setting max election id to 7fffffff00000000000001a4 from replica set primary ac-18bygxp-shard-00-01.kk4fxua.mongodb.net:27017
2023-12-12 22:15:23,045 INFO [SLF4JLogger.java:71] - Setting max set version to 8 from replica set primary ac-18bygxp-shard-00-01.kk4fxua.mongodb.net:27017
2023-12-12 22:15:23,045 INFO [SLF4JLogger.java:71] - Discovered replica set primary ac-18bygxp-shard-00-01.kk4fxua.mongodb.net:27017
2023-12-12 22:15:24,090 WARN [TransformerFactoryUtils.java:62] - http://javax.xml.XMLConstants/property/accessExternalDTD property not supported by org.apache.xalan.processor.TransformerFactoryImpl
2023-12-12 22:15:24,093 WARN [TransformerFactoryUtils.java:71] - http://javax.xml.XMLConstants/property/accessExternalStylesheet property not supported by org.apache.xalan.processor.TransformerFactoryImpl
2023-12-12 22:15:24,112 WARN [DocumentBuilderFactoryUtils.java:45] - http://javax.xml.XMLConstants/property/accessExternalDTD property not supported by org.apache.xerces.jaxp.DocumentBuilderFactoryImpl
2023-12-12 22:15:24,113 WARN [DocumentBuilderFactoryUtils.java:54] - http://javax.xml.XMLConstants/property/accessExternalSchema property not supported by org.apache.xerces.jaxp.DocumentBuilderFactoryImpl
2023-12-12 22:15:24,114 WARN [DocumentBuilderFactoryUtils.java:45] - http://javax.xml.XMLConstants/property/accessExternalDTD property not supported by org.apache.xerces.jaxp.DocumentBuilderFactoryImpl
2023-12-12 22:15:24,115 WARN [DocumentBuilderFactoryUtils.java:54] - http://javax.xml.XMLConstants/property/accessExternalSchema property not supported by org.apache.xerces.jaxp.DocumentBuilderFactoryImpl
2023-12-12 22:15:24,226 INFO [DirectJDKLog.java:173] - Starting ProtocolHandler ["http-nio-8080"]
2023-12-12 22:15:24,238 INFO [TomcatWebServer.java:220] - Tomcat started on port(s): 8080 (http) with context path ''
2023-12-12 22:15:24,239 INFO [AbstractConnectionFactory.java:639] - Attempting to connect to: [localhost:5672]
2023-12-12 22:15:24,295 INFO [AbstractConnectionFactory.java:590] - Created new connection: rabbitConnectionFactory#56ec6960:0/SimpleConnection@c87787d [delegate=amqp://guest@127.0.0.1:5672/, localPort= 58710]
2023-12-12 22:15:24,298 INFO [RabbitAdmin.java:686] - Auto-declaring a non-durable, auto-delete, or exclusive Queue (article_processing_queue) durable:false, auto-delete:false, exclusive:false. It will be redeclared if the broker stops and is restarted while the connection factory is alive, but all messages will be lost.
2023-12-12 22:15:31,851 INFO [DirectJDKLog.java:173] - Initializing Spring DispatcherServlet 'dispatcherServlet'
2023-12-12 22:15:31,852 INFO [FrameworkServlet.java:525] - Initializing Servlet 'dispatcherServlet'
2023-12-12 22:15:31,857 INFO [FrameworkServlet.java:547] - Completed initialization in 5 ms
2023-12-12 22:15:32,193 INFO [SLF4JLogger.java:71] - Opened connection [connectionId{localValue:7, serverValue:37310}] to ac-18bygxp-shard-00-01.kk4fxua.mongodb.net:27017
