2023-12-12 23:13:36,211 INFO [SimpleMessageListenerContainer.java:645] - Waiting for workers to finish.
2023-12-12 23:13:36,717 INFO [SimpleMessageListenerContainer.java:649] - Successfully waited for workers to finish.
2023-12-12 23:13:48,382 INFO [RepositoryConfigurationDelegate.java:132] - Bootstrapping Spring Data MongoDB repositories in DEFAULT mode.
2023-12-12 23:13:48,462 INFO [RepositoryConfigurationDelegate.java:201] - Finished Spring Data repository scanning in 72 ms. Found 2 MongoDB repository interfaces.
2023-12-12 23:13:48,719 INFO [PostProcessorRegistrationDelegate.java:376] - Bean 'org.springframework.ws.config.annotation.DelegatingWsConfiguration' of type [org.springframework.ws.config.annotation.DelegatingWsConfiguration$$EnhancerBySpringCGLIB$$1f8fd40c] is not eligible for getting processed by all BeanPostProcessors (for example: not eligible for auto-proxying)
2023-12-12 23:13:48,751 WARN [DocumentBuilderFactoryUtils.java:45] - http://javax.xml.XMLConstants/property/accessExternalDTD property not supported by org.apache.xerces.jaxp.DocumentBuilderFactoryImpl
2023-12-12 23:13:48,751 WARN [DocumentBuilderFactoryUtils.java:54] - http://javax.xml.XMLConstants/property/accessExternalSchema property not supported by org.apache.xerces.jaxp.DocumentBuilderFactoryImpl
2023-12-12 23:13:48,782 INFO [AbstractAddressingEndpointMapping.java:239] - Supporting [WS-Addressing August 2004, WS-Addressing 1.0]
2023-12-12 23:13:49,033 INFO [TomcatWebServer.java:108] - Tomcat initialized with port(s): 8080 (http)
2023-12-12 23:13:49,037 INFO [DirectJDKLog.java:173] - Initializing ProtocolHandler ["http-nio-8080"]
2023-12-12 23:13:49,039 INFO [DirectJDKLog.java:173] - Starting service [Tomcat]
2023-12-12 23:13:49,039 INFO [DirectJDKLog.java:173] - Starting Servlet engine: [Apache Tomcat/9.0.82]
2023-12-12 23:13:49,142 INFO [DirectJDKLog.java:173] - Initializing Spring embedded WebApplicationContext
2023-12-12 23:13:49,143 INFO [ServletWebServerApplicationContext.java:292] - Root WebApplicationContext: initialization completed in 1660 ms
2023-12-12 23:13:49,414 INFO [SLF4JLogger.java:71] - MongoClient with metadata {"driver": {"name": "mongo-java-driver|sync|spring-boot", "version": "4.6.1"}, "os": {"type": "Darwin", "name": "Mac OS X", "architecture": "x86_64", "version": "14.0"}, "platform": "Java/Homebrew/17.0.9+0"} created with settings MongoClientSettings{readPreference=primary, writeConcern=WriteConcern{w=majority, wTimeout=null ms, journal=null}, retryWrites=true, retryReads=true, readConcern=ReadConcern{level=null}, credential=MongoCredential{mechanism=null, userName='zaultavangar', source='admin', password=<hidden>, mechanismProperties=<hidden>}, streamFactoryFactory=null, commandListeners=[], codecRegistry=ProvidersCodecRegistry{codecProviders=[ValueCodecProvider{}, BsonValueCodecProvider{}, DBRefCodecProvider{}, DBObjectCodecProvider{}, DocumentCodecProvider{}, IterableCodecProvider{}, MapCodecProvider{}, GeoJsonCodecProvider{}, GridFSFileCodecProvider{}, Jsr310CodecProvider{}, JsonObjectCodecProvider{}, BsonCodecProvider{}, EnumCodecProvider{}, com.mongodb.Jep395RecordCodecProvider@49671897]}, clusterSettings={hosts=[127.0.0.1:27017], srvHost=cluster0.kk4fxua.mongodb.net, srvServiceName=mongodb, mode=MULTIPLE, requiredClusterType=REPLICA_SET, requiredReplicaSetName='atlas-ahs3jo-shard-0', serverSelector='null', clusterListeners='[]', serverSelectionTimeout='30000 ms', localThreshold='30000 ms'}, socketSettings=SocketSettings{connectTimeoutMS=10000, readTimeoutMS=0, receiveBufferSize=0, sendBufferSize=0}, heartbeatSocketSettings=SocketSettings{connectTimeoutMS=10000, readTimeoutMS=10000, receiveBufferSize=0, sendBufferSize=0}, connectionPoolSettings=ConnectionPoolSettings{maxSize=100, minSize=0, maxWaitTimeMS=120000, maxConnectionLifeTimeMS=0, maxConnectionIdleTimeMS=0, maintenanceInitialDelayMS=0, maintenanceFrequencyMS=60000, connectionPoolListeners=[], maxConnecting=2}, serverSettings=ServerSettings{heartbeatFrequencyMS=10000, minHeartbeatFrequencyMS=500, serverListeners='[]', serverMonitorListeners='[]'}, sslSettings=SslSettings{enabled=true, invalidHostNameAllowed=false, context=null}, applicationName='null', compressorList=[], uuidRepresentation=JAVA_LEGACY, serverApi=null, autoEncryptionSettings=null, contextProvider=null}
2023-12-12 23:13:49,426 INFO [SLF4JLogger.java:71] - Adding discovered server ac-18bygxp-shard-00-02.kk4fxua.mongodb.net:27017 to client view of cluster
2023-12-12 23:13:49,448 INFO [SLF4JLogger.java:71] - Adding discovered server ac-18bygxp-shard-00-00.kk4fxua.mongodb.net:27017 to client view of cluster
2023-12-12 23:13:49,450 INFO [SLF4JLogger.java:71] - Adding discovered server ac-18bygxp-shard-00-01.kk4fxua.mongodb.net:27017 to client view of cluster
2023-12-12 23:13:49,525 WARN [CustomConversions.java:266] - Registering converter from class java.time.LocalDateTime to class org.joda.time.LocalDateTime as reading converter although it doesn't convert from a store-supported type; You might want to check your annotation setup at the converter implementation
2023-12-12 23:13:49,744 WARN [CustomConversions.java:266] - Registering converter from class java.time.LocalDateTime to class org.joda.time.LocalDateTime as reading converter although it doesn't convert from a store-supported type; You might want to check your annotation setup at the converter implementation
2023-12-12 23:13:50,026 TRACE [AbstractFallbackCacheOperationSource.java:102] - Adding cacheable method 'getGeocodeResultsForLocation' with attribute: [Builder[public com.example.backend.geocodingService.GeocodeResponse com.example.backend.geocodingService.GeocodingService.getGeocodeResultsForLocation(java.lang.String) throws com.example.backend.exceptions.GeocodeApiException] caches=[locationCache] | key='#location' | keyGenerator='' | cacheManager='' | cacheResolver='' | condition='' | unless='' | sync='false']
2023-12-12 23:13:50,213 INFO [SLF4JLogger.java:71] - Opened connection [connectionId{localValue:2, serverValue:38092}] to ac-18bygxp-shard-00-00.kk4fxua.mongodb.net:27017
2023-12-12 23:13:50,213 INFO [SLF4JLogger.java:71] - Opened connection [connectionId{localValue:4, serverValue:38790}] to ac-18bygxp-shard-00-01.kk4fxua.mongodb.net:27017
2023-12-12 23:13:50,213 INFO [SLF4JLogger.java:71] - Opened connection [connectionId{localValue:1, serverValue:38096}] to ac-18bygxp-shard-00-00.kk4fxua.mongodb.net:27017
2023-12-12 23:13:50,213 INFO [SLF4JLogger.java:71] - Opened connection [connectionId{localValue:6, serverValue:38790}] to ac-18bygxp-shard-00-01.kk4fxua.mongodb.net:27017
2023-12-12 23:13:50,213 INFO [SLF4JLogger.java:71] - Opened connection [connectionId{localValue:3, serverValue:36992}] to ac-18bygxp-shard-00-02.kk4fxua.mongodb.net:27017
2023-12-12 23:13:50,214 INFO [SLF4JLogger.java:71] - Opened connection [connectionId{localValue:5, serverValue:36992}] to ac-18bygxp-shard-00-02.kk4fxua.mongodb.net:27017
2023-12-12 23:13:50,214 INFO [SLF4JLogger.java:71] - Monitor thread successfully connected to server with description ServerDescription{address=ac-18bygxp-shard-00-00.kk4fxua.mongodb.net:27017, type=REPLICA_SET_SECONDARY, state=CONNECTED, ok=true, minWireVersion=0, maxWireVersion=17, maxDocumentSize=16777216, logicalSessionTimeoutMinutes=30, roundTripTimeNanos=468287750, setName='atlas-ahs3jo-shard-0', canonicalAddress=ac-18bygxp-shard-00-00.kk4fxua.mongodb.net:27017, hosts=[ac-18bygxp-shard-00-01.kk4fxua.mongodb.net:27017, ac-18bygxp-shard-00-02.kk4fxua.mongodb.net:27017, ac-18bygxp-shard-00-00.kk4fxua.mongodb.net:27017], passives=[], arbiters=[], primary='ac-18bygxp-shard-00-01.kk4fxua.mongodb.net:27017', tagSet=TagSet{[Tag{name='availabilityZone', value='use1-az4'}, Tag{name='nodeType', value='ELECTABLE'}, Tag{name='provider', value='AWS'}, Tag{name='region', value='US_EAST_1'}, Tag{name='workloadType', value='OPERATIONAL'}]}, electionId=null, setVersion=8, topologyVersion=TopologyVersion{processId=6578174b60318445d60703eb, counter=4}, lastWriteDate=Tue Dec 12 23:13:50 EST 2023, lastUpdateTimeNanos=3019445323982207}
2023-12-12 23:13:50,214 INFO [SLF4JLogger.java:71] - Monitor thread successfully connected to server with description ServerDescription{address=ac-18bygxp-shard-00-01.kk4fxua.mongodb.net:27017, type=REPLICA_SET_PRIMARY, state=CONNECTED, ok=true, minWireVersion=0, maxWireVersion=17, maxDocumentSize=16777216, logicalSessionTimeoutMinutes=30, roundTripTimeNanos=468210292, setName='atlas-ahs3jo-shard-0', canonicalAddress=ac-18bygxp-shard-00-01.kk4fxua.mongodb.net:27017, hosts=[ac-18bygxp-shard-00-01.kk4fxua.mongodb.net:27017, ac-18bygxp-shard-00-02.kk4fxua.mongodb.net:27017, ac-18bygxp-shard-00-00.kk4fxua.mongodb.net:27017], passives=[], arbiters=[], primary='ac-18bygxp-shard-00-01.kk4fxua.mongodb.net:27017', tagSet=TagSet{[Tag{name='availabilityZone', value='use1-az6'}, Tag{name='nodeType', value='ELECTABLE'}, Tag{name='provider', value='AWS'}, Tag{name='region', value='US_EAST_1'}, Tag{name='workloadType', value='OPERATIONAL'}]}, electionId=7fffffff00000000000001a4, setVersion=8, topologyVersion=TopologyVersion{processId=65781a6e3cadbafa4ac3311d, counter=6}, lastWriteDate=Tue Dec 12 23:13:50 EST 2023, lastUpdateTimeNanos=3019445323866582}
2023-12-12 23:13:50,215 INFO [SLF4JLogger.java:71] - Monitor thread successfully connected to server with description ServerDescription{address=ac-18bygxp-shard-00-02.kk4fxua.mongodb.net:27017, type=REPLICA_SET_SECONDARY, state=CONNECTED, ok=true, minWireVersion=0, maxWireVersion=17, maxDocumentSize=16777216, logicalSessionTimeoutMinutes=30, roundTripTimeNanos=468692875, setName='atlas-ahs3jo-shard-0', canonicalAddress=ac-18bygxp-shard-00-02.kk4fxua.mongodb.net:27017, hosts=[ac-18bygxp-shard-00-01.kk4fxua.mongodb.net:27017, ac-18bygxp-shard-00-02.kk4fxua.mongodb.net:27017, ac-18bygxp-shard-00-00.kk4fxua.mongodb.net:27017], passives=[], arbiters=[], primary='ac-18bygxp-shard-00-01.kk4fxua.mongodb.net:27017', tagSet=TagSet{[Tag{name='availabilityZone', value='use1-az1'}, Tag{name='nodeType', value='ELECTABLE'}, Tag{name='provider', value='AWS'}, Tag{name='region', value='US_EAST_1'}, Tag{name='workloadType', value='OPERATIONAL'}]}, electionId=null, setVersion=8, topologyVersion=TopologyVersion{processId=65781b685ed59c8d63652d90, counter=3}, lastWriteDate=Tue Dec 12 23:13:50 EST 2023, lastUpdateTimeNanos=3019445324339291}
2023-12-12 23:13:50,220 INFO [SLF4JLogger.java:71] - Setting max election id to 7fffffff00000000000001a4 from replica set primary ac-18bygxp-shard-00-01.kk4fxua.mongodb.net:27017
2023-12-12 23:13:50,221 INFO [SLF4JLogger.java:71] - Setting max set version to 8 from replica set primary ac-18bygxp-shard-00-01.kk4fxua.mongodb.net:27017
2023-12-12 23:13:50,224 INFO [SLF4JLogger.java:71] - Discovered replica set primary ac-18bygxp-shard-00-01.kk4fxua.mongodb.net:27017
2023-12-12 23:13:51,449 WARN [TransformerFactoryUtils.java:62] - http://javax.xml.XMLConstants/property/accessExternalDTD property not supported by org.apache.xalan.processor.TransformerFactoryImpl
2023-12-12 23:13:51,450 WARN [TransformerFactoryUtils.java:71] - http://javax.xml.XMLConstants/property/accessExternalStylesheet property not supported by org.apache.xalan.processor.TransformerFactoryImpl
2023-12-12 23:13:51,474 WARN [DocumentBuilderFactoryUtils.java:45] - http://javax.xml.XMLConstants/property/accessExternalDTD property not supported by org.apache.xerces.jaxp.DocumentBuilderFactoryImpl
2023-12-12 23:13:51,475 WARN [DocumentBuilderFactoryUtils.java:54] - http://javax.xml.XMLConstants/property/accessExternalSchema property not supported by org.apache.xerces.jaxp.DocumentBuilderFactoryImpl
2023-12-12 23:13:51,476 WARN [DocumentBuilderFactoryUtils.java:45] - http://javax.xml.XMLConstants/property/accessExternalDTD property not supported by org.apache.xerces.jaxp.DocumentBuilderFactoryImpl
2023-12-12 23:13:51,477 WARN [DocumentBuilderFactoryUtils.java:54] - http://javax.xml.XMLConstants/property/accessExternalSchema property not supported by org.apache.xerces.jaxp.DocumentBuilderFactoryImpl
2023-12-12 23:13:51,590 INFO [DirectJDKLog.java:173] - Starting ProtocolHandler ["http-nio-8080"]
2023-12-12 23:13:51,603 INFO [TomcatWebServer.java:220] - Tomcat started on port(s): 8080 (http) with context path ''
2023-12-12 23:13:51,604 INFO [AbstractConnectionFactory.java:639] - Attempting to connect to: [localhost:5672]
2023-12-12 23:13:51,680 INFO [AbstractConnectionFactory.java:590] - Created new connection: rabbitConnectionFactory#286866cb:0/SimpleConnection@93fb44 [delegate=amqp://guest@127.0.0.1:5672/, localPort= 60746]
2023-12-12 23:13:51,684 INFO [RabbitAdmin.java:686] - Auto-declaring a non-durable, auto-delete, or exclusive Queue (article_processing_queue) durable:false, auto-delete:false, exclusive:false. It will be redeclared if the broker stops and is restarted while the connection factory is alive, but all messages will be lost.
2023-12-12 23:14:59,653 INFO [DirectJDKLog.java:173] - Initializing Spring DispatcherServlet 'dispatcherServlet'
2023-12-12 23:14:59,655 INFO [FrameworkServlet.java:525] - Initializing Servlet 'dispatcherServlet'
2023-12-12 23:14:59,660 INFO [FrameworkServlet.java:547] - Completed initialization in 4 ms
2023-12-12 23:15:01,733 INFO [SLF4JLogger.java:71] - Opened connection [connectionId{localValue:7, serverValue:38819}] to ac-18bygxp-shard-00-01.kk4fxua.mongodb.net:27017
2023-12-12 23:15:02,058 INFO [SLF4JLogger.java:71] - Opened connection [connectionId{localValue:8, serverValue:38839}] to ac-18bygxp-shard-00-01.kk4fxua.mongodb.net:27017
2023-12-12 23:15:02,756 INFO [SLF4JHandler.java:88] - Loading POS tagger from edu/stanford/nlp/models/pos-tagger/english-left3words-distsim.tagger ... done [0.5 sec].
2023-12-12 23:15:03,697 INFO [SLF4JHandler.java:88] - Loading classifier from edu/stanford/nlp/models/ner/english.all.3class.distsim.crf.ser.gz ... done [0.9 sec].
2023-12-12 23:15:04,096 INFO [SLF4JHandler.java:88] - Loading classifier from edu/stanford/nlp/models/ner/english.muc.7class.distsim.crf.ser.gz ... done [0.4 sec].
2023-12-12 23:15:04,548 INFO [SLF4JHandler.java:88] - Loading classifier from edu/stanford/nlp/models/ner/english.conll.4class.distsim.crf.ser.gz ... done [0.5 sec].
2023-12-12 23:15:04,554 INFO [SLF4JHandler.java:88] - Initializing JollyDayHoliday for SUTime from classpath edu/stanford/nlp/models/sutime/jollyday/Holidays_sutime.xml as sutime.binder.1.
2023-12-12 23:15:04,662 INFO [SLF4JHandler.java:88] - Using following SUTime rules: edu/stanford/nlp/models/sutime/defs.sutime.txt,edu/stanford/nlp/models/sutime/english.sutime.txt,edu/stanford/nlp/models/sutime/english.holidays.sutime.txt
2023-12-12 23:15:06,598 INFO [SLF4JHandler.java:88] - ner.fine.regexner: Read 580705 unique entries out of 581864 from edu/stanford/nlp/models/kbp/english/gazetteers/regexner_caseless.tab, 0 TokensRegex patterns.
2023-12-12 23:15:06,615 INFO [SLF4JHandler.java:88] - ner.fine.regexner: Read 4867 unique entries out of 4867 from edu/stanford/nlp/models/kbp/english/gazetteers/regexner_cased.tab, 0 TokensRegex patterns.
2023-12-12 23:15:06,615 INFO [SLF4JHandler.java:88] - ner.fine.regexner: Read 585572 unique entries from 2 files
2023-12-12 23:15:08,629 INFO [SLF4JHandler.java:88] - numeric classifiers: true; SUTime: true [no docDate]; fine grained: true
2023-12-12 23:15:09,382 TRACE [CacheAspectSupport.java:597] - Computed cache key 'US' for operation Builder[public com.example.backend.geocodingService.GeocodeResponse com.example.backend.geocodingService.GeocodingService.getGeocodeResultsForLocation(java.lang.String) throws com.example.backend.exceptions.GeocodeApiException] caches=[locationCache] | key='#location' | keyGenerator='' | cacheManager='' | cacheResolver='' | condition='' | unless='' | sync='false'
2023-12-12 23:15:09,383 TRACE [CacheAspectSupport.java:541] - No cache entry for key 'US' in cache(s) [locationCache]
2023-12-12 23:15:09,383 TRACE [CacheAspectSupport.java:597] - Computed cache key 'US' for operation Builder[public com.example.backend.geocodingService.GeocodeResponse com.example.backend.geocodingService.GeocodingService.getGeocodeResultsForLocation(java.lang.String) throws com.example.backend.exceptions.GeocodeApiException] caches=[locationCache] | key='#location' | keyGenerator='' | cacheManager='' | cacheResolver='' | condition='' | unless='' | sync='false'
2023-12-12 23:15:10,055 TRACE [CacheAspectSupport.java:597] - Computed cache key 'Israel' for operation Builder[public com.example.backend.geocodingService.GeocodeResponse com.example.backend.geocodingService.GeocodingService.getGeocodeResultsForLocation(java.lang.String) throws com.example.backend.exceptions.GeocodeApiException] caches=[locationCache] | key='#location' | keyGenerator='' | cacheManager='' | cacheResolver='' | condition='' | unless='' | sync='false'
2023-12-12 23:15:10,055 TRACE [CacheAspectSupport.java:541] - No cache entry for key 'Israel' in cache(s) [locationCache]
2023-12-12 23:15:10,055 TRACE [CacheAspectSupport.java:597] - Computed cache key 'Israel' for operation Builder[public com.example.backend.geocodingService.GeocodeResponse com.example.backend.geocodingService.GeocodingService.getGeocodeResultsForLocation(java.lang.String) throws com.example.backend.exceptions.GeocodeApiException] caches=[locationCache] | key='#location' | keyGenerator='' | cacheManager='' | cacheResolver='' | condition='' | unless='' | sync='false'
2023-12-12 23:15:10,821 TRACE [CacheAspectSupport.java:597] - Computed cache key 'US' for operation Builder[public com.example.backend.geocodingService.GeocodeResponse com.example.backend.geocodingService.GeocodingService.getGeocodeResultsForLocation(java.lang.String) throws com.example.backend.exceptions.GeocodeApiException] caches=[locationCache] | key='#location' | keyGenerator='' | cacheManager='' | cacheResolver='' | condition='' | unless='' | sync='false'
2023-12-12 23:15:10,824 TRACE [CacheAspectSupport.java:573] - Cache entry for key 'US' found in cache 'locationCache'
2023-12-12 23:15:10,912 TRACE [CacheAspectSupport.java:597] - Computed cache key 'Ukraine' for operation Builder[public com.example.backend.geocodingService.GeocodeResponse com.example.backend.geocodingService.GeocodingService.getGeocodeResultsForLocation(java.lang.String) throws com.example.backend.exceptions.GeocodeApiException] caches=[locationCache] | key='#location' | keyGenerator='' | cacheManager='' | cacheResolver='' | condition='' | unless='' | sync='false'
2023-12-12 23:15:10,913 TRACE [CacheAspectSupport.java:541] - No cache entry for key 'Ukraine' in cache(s) [locationCache]
2023-12-12 23:15:10,913 TRACE [CacheAspectSupport.java:597] - Computed cache key 'Ukraine' for operation Builder[public com.example.backend.geocodingService.GeocodeResponse com.example.backend.geocodingService.GeocodingService.getGeocodeResultsForLocation(java.lang.String) throws com.example.backend.exceptions.GeocodeApiException] caches=[locationCache] | key='#location' | keyGenerator='' | cacheManager='' | cacheResolver='' | condition='' | unless='' | sync='false'
2023-12-12 23:15:11,717 TRACE [CacheAspectSupport.java:597] - Computed cache key 'Gaza' for operation Builder[public com.example.backend.geocodingService.GeocodeResponse com.example.backend.geocodingService.GeocodingService.getGeocodeResultsForLocation(java.lang.String) throws com.example.backend.exceptions.GeocodeApiException] caches=[locationCache] | key='#location' | keyGenerator='' | cacheManager='' | cacheResolver='' | condition='' | unless='' | sync='false'
2023-12-12 23:15:11,718 TRACE [CacheAspectSupport.java:541] - No cache entry for key 'Gaza' in cache(s) [locationCache]
2023-12-12 23:15:11,718 TRACE [CacheAspectSupport.java:597] - Computed cache key 'Gaza' for operation Builder[public com.example.backend.geocodingService.GeocodeResponse com.example.backend.geocodingService.GeocodingService.getGeocodeResultsForLocation(java.lang.String) throws com.example.backend.exceptions.GeocodeApiException] caches=[locationCache] | key='#location' | keyGenerator='' | cacheManager='' | cacheResolver='' | condition='' | unless='' | sync='false'
2023-12-12 23:15:12,732 TRACE [CacheAspectSupport.java:597] - Computed cache key 'Poland' for operation Builder[public com.example.backend.geocodingService.GeocodeResponse com.example.backend.geocodingService.GeocodingService.getGeocodeResultsForLocation(java.lang.String) throws com.example.backend.exceptions.GeocodeApiException] caches=[locationCache] | key='#location' | keyGenerator='' | cacheManager='' | cacheResolver='' | condition='' | unless='' | sync='false'
2023-12-12 23:15:12,734 TRACE [CacheAspectSupport.java:541] - No cache entry for key 'Poland' in cache(s) [locationCache]
2023-12-12 23:15:12,735 TRACE [CacheAspectSupport.java:597] - Computed cache key 'Poland' for operation Builder[public com.example.backend.geocodingService.GeocodeResponse com.example.backend.geocodingService.GeocodingService.getGeocodeResultsForLocation(java.lang.String) throws com.example.backend.exceptions.GeocodeApiException] caches=[locationCache] | key='#location' | keyGenerator='' | cacheManager='' | cacheResolver='' | condition='' | unless='' | sync='false'
2023-12-12 23:15:13,578 TRACE [CacheAspectSupport.java:597] - Computed cache key 'France' for operation Builder[public com.example.backend.geocodingService.GeocodeResponse com.example.backend.geocodingService.GeocodingService.getGeocodeResultsForLocation(java.lang.String) throws com.example.backend.exceptions.GeocodeApiException] caches=[locationCache] | key='#location' | keyGenerator='' | cacheManager='' | cacheResolver='' | condition='' | unless='' | sync='false'
2023-12-12 23:15:13,582 TRACE [CacheAspectSupport.java:541] - No cache entry for key 'France' in cache(s) [locationCache]
2023-12-12 23:15:13,582 TRACE [CacheAspectSupport.java:597] - Computed cache key 'France' for operation Builder[public com.example.backend.geocodingService.GeocodeResponse com.example.backend.geocodingService.GeocodingService.getGeocodeResultsForLocation(java.lang.String) throws com.example.backend.exceptions.GeocodeApiException] caches=[locationCache] | key='#location' | keyGenerator='' | cacheManager='' | cacheResolver='' | condition='' | unless='' | sync='false'
2023-12-12 23:15:14,507 TRACE [CacheAspectSupport.java:597] - Computed cache key 'Cuba' for operation Builder[public com.example.backend.geocodingService.GeocodeResponse com.example.backend.geocodingService.GeocodingService.getGeocodeResultsForLocation(java.lang.String) throws com.example.backend.exceptions.GeocodeApiException] caches=[locationCache] | key='#location' | keyGenerator='' | cacheManager='' | cacheResolver='' | condition='' | unless='' | sync='false'
2023-12-12 23:15:14,507 TRACE [CacheAspectSupport.java:541] - No cache entry for key 'Cuba' in cache(s) [locationCache]
2023-12-12 23:15:14,507 TRACE [CacheAspectSupport.java:597] - Computed cache key 'Cuba' for operation Builder[public com.example.backend.geocodingService.GeocodeResponse com.example.backend.geocodingService.GeocodingService.getGeocodeResultsForLocation(java.lang.String) throws com.example.backend.exceptions.GeocodeApiException] caches=[locationCache] | key='#location' | keyGenerator='' | cacheManager='' | cacheResolver='' | condition='' | unless='' | sync='false'
2023-12-12 23:15:15,406 TRACE [CacheAspectSupport.java:597] - Computed cache key 'Palestinian Territories' for operation Builder[public com.example.backend.geocodingService.GeocodeResponse com.example.backend.geocodingService.GeocodingService.getGeocodeResultsForLocation(java.lang.String) throws com.example.backend.exceptions.GeocodeApiException] caches=[locationCache] | key='#location' | keyGenerator='' | cacheManager='' | cacheResolver='' | condition='' | unless='' | sync='false'
2023-12-12 23:15:15,407 TRACE [CacheAspectSupport.java:541] - No cache entry for key 'Palestinian Territories' in cache(s) [locationCache]
2023-12-12 23:15:15,408 TRACE [CacheAspectSupport.java:597] - Computed cache key 'Palestinian Territories' for operation Builder[public com.example.backend.geocodingService.GeocodeResponse com.example.backend.geocodingService.GeocodingService.getGeocodeResultsForLocation(java.lang.String) throws com.example.backend.exceptions.GeocodeApiException] caches=[locationCache] | key='#location' | keyGenerator='' | cacheManager='' | cacheResolver='' | condition='' | unless='' | sync='false'
2023-12-12 23:15:16,153 TRACE [CacheAspectSupport.java:597] - Computed cache key 'Yemen' for operation Builder[public com.example.backend.geocodingService.GeocodeResponse com.example.backend.geocodingService.GeocodingService.getGeocodeResultsForLocation(java.lang.String) throws com.example.backend.exceptions.GeocodeApiException] caches=[locationCache] | key='#location' | keyGenerator='' | cacheManager='' | cacheResolver='' | condition='' | unless='' | sync='false'
2023-12-12 23:15:16,154 TRACE [CacheAspectSupport.java:541] - No cache entry for key 'Yemen' in cache(s) [locationCache]
2023-12-12 23:15:16,154 TRACE [CacheAspectSupport.java:597] - Computed cache key 'Yemen' for operation Builder[public com.example.backend.geocodingService.GeocodeResponse com.example.backend.geocodingService.GeocodingService.getGeocodeResultsForLocation(java.lang.String) throws com.example.backend.exceptions.GeocodeApiException] caches=[locationCache] | key='#location' | keyGenerator='' | cacheManager='' | cacheResolver='' | condition='' | unless='' | sync='false'
2023-12-12 23:15:16,426 TRACE [CacheAspectSupport.java:597] - Computed cache key 'US' for operation Builder[public com.example.backend.geocodingService.GeocodeResponse com.example.backend.geocodingService.GeocodingService.getGeocodeResultsForLocation(java.lang.String) throws com.example.backend.exceptions.GeocodeApiException] caches=[locationCache] | key='#location' | keyGenerator='' | cacheManager='' | cacheResolver='' | condition='' | unless='' | sync='false'
2023-12-12 23:15:16,427 TRACE [CacheAspectSupport.java:573] - Cache entry for key 'US' found in cache 'locationCache'
2023-12-12 23:15:17,101 TRACE [CacheAspectSupport.java:597] - Computed cache key 'Berlin' for operation Builder[public com.example.backend.geocodingService.GeocodeResponse com.example.backend.geocodingService.GeocodingService.getGeocodeResultsForLocation(java.lang.String) throws com.example.backend.exceptions.GeocodeApiException] caches=[locationCache] | key='#location' | keyGenerator='' | cacheManager='' | cacheResolver='' | condition='' | unless='' | sync='false'
2023-12-12 23:15:17,102 TRACE [CacheAspectSupport.java:541] - No cache entry for key 'Berlin' in cache(s) [locationCache]
2023-12-12 23:15:17,103 TRACE [CacheAspectSupport.java:597] - Computed cache key 'Berlin' for operation Builder[public com.example.backend.geocodingService.GeocodeResponse com.example.backend.geocodingService.GeocodingService.getGeocodeResultsForLocation(java.lang.String) throws com.example.backend.exceptions.GeocodeApiException] caches=[locationCache] | key='#location' | keyGenerator='' | cacheManager='' | cacheResolver='' | condition='' | unless='' | sync='false'
2023-12-12 23:15:17,248 TRACE [CacheAspectSupport.java:597] - Computed cache key 'Paris' for operation Builder[public com.example.backend.geocodingService.GeocodeResponse com.example.backend.geocodingService.GeocodingService.getGeocodeResultsForLocation(java.lang.String) throws com.example.backend.exceptions.GeocodeApiException] caches=[locationCache] | key='#location' | keyGenerator='' | cacheManager='' | cacheResolver='' | condition='' | unless='' | sync='false'
2023-12-12 23:15:17,251 TRACE [CacheAspectSupport.java:541] - No cache entry for key 'Paris' in cache(s) [locationCache]
2023-12-12 23:15:17,252 TRACE [CacheAspectSupport.java:597] - Computed cache key 'Paris' for operation Builder[public com.example.backend.geocodingService.GeocodeResponse com.example.backend.geocodingService.GeocodingService.getGeocodeResultsForLocation(java.lang.String) throws com.example.backend.exceptions.GeocodeApiException] caches=[locationCache] | key='#location' | keyGenerator='' | cacheManager='' | cacheResolver='' | condition='' | unless='' | sync='false'
2023-12-12 23:15:18,112 TRACE [CacheAspectSupport.java:597] - Computed cache key 'Arizona' for operation Builder[public com.example.backend.geocodingService.GeocodeResponse com.example.backend.geocodingService.GeocodingService.getGeocodeResultsForLocation(java.lang.String) throws com.example.backend.exceptions.GeocodeApiException] caches=[locationCache] | key='#location' | keyGenerator='' | cacheManager='' | cacheResolver='' | condition='' | unless='' | sync='false'
2023-12-12 23:15:18,113 TRACE [CacheAspectSupport.java:541] - No cache entry for key 'Arizona' in cache(s) [locationCache]
2023-12-12 23:15:18,114 TRACE [CacheAspectSupport.java:597] - Computed cache key 'Arizona' for operation Builder[public com.example.backend.geocodingService.GeocodeResponse com.example.backend.geocodingService.GeocodingService.getGeocodeResultsForLocation(java.lang.String) throws com.example.backend.exceptions.GeocodeApiException] caches=[locationCache] | key='#location' | keyGenerator='' | cacheManager='' | cacheResolver='' | condition='' | unless='' | sync='false'
2023-12-12 23:15:18,840 TRACE [CacheAspectSupport.java:597] - Computed cache key 'Rwanda' for operation Builder[public com.example.backend.geocodingService.GeocodeResponse com.example.backend.geocodingService.GeocodingService.getGeocodeResultsForLocation(java.lang.String) throws com.example.backend.exceptions.GeocodeApiException] caches=[locationCache] | key='#location' | keyGenerator='' | cacheManager='' | cacheResolver='' | condition='' | unless='' | sync='false'
2023-12-12 23:15:18,841 TRACE [CacheAspectSupport.java:541] - No cache entry for key 'Rwanda' in cache(s) [locationCache]
2023-12-12 23:15:18,841 TRACE [CacheAspectSupport.java:597] - Computed cache key 'Rwanda' for operation Builder[public com.example.backend.geocodingService.GeocodeResponse com.example.backend.geocodingService.GeocodingService.getGeocodeResultsForLocation(java.lang.String) throws com.example.backend.exceptions.GeocodeApiException] caches=[locationCache] | key='#location' | keyGenerator='' | cacheManager='' | cacheResolver='' | condition='' | unless='' | sync='false'
2023-12-12 23:15:19,680 TRACE [CacheAspectSupport.java:597] - Computed cache key 'Germany' for operation Builder[public com.example.backend.geocodingService.GeocodeResponse com.example.backend.geocodingService.GeocodingService.getGeocodeResultsForLocation(java.lang.String) throws com.example.backend.exceptions.GeocodeApiException] caches=[locationCache] | key='#location' | keyGenerator='' | cacheManager='' | cacheResolver='' | condition='' | unless='' | sync='false'
2023-12-12 23:15:19,681 TRACE [CacheAspectSupport.java:541] - No cache entry for key 'Germany' in cache(s) [locationCache]
2023-12-12 23:15:19,682 TRACE [CacheAspectSupport.java:597] - Computed cache key 'Germany' for operation Builder[public com.example.backend.geocodingService.GeocodeResponse com.example.backend.geocodingService.GeocodingService.getGeocodeResultsForLocation(java.lang.String) throws com.example.backend.exceptions.GeocodeApiException] caches=[locationCache] | key='#location' | keyGenerator='' | cacheManager='' | cacheResolver='' | condition='' | unless='' | sync='false'
2023-12-12 23:15:19,848 TRACE [CacheAspectSupport.java:597] - Computed cache key 'Israel' for operation Builder[public com.example.backend.geocodingService.GeocodeResponse com.example.backend.geocodingService.GeocodingService.getGeocodeResultsForLocation(java.lang.String) throws com.example.backend.exceptions.GeocodeApiException] caches=[locationCache] | key='#location' | keyGenerator='' | cacheManager='' | cacheResolver='' | condition='' | unless='' | sync='false'
2023-12-12 23:15:19,849 TRACE [CacheAspectSupport.java:573] - Cache entry for key 'Israel' found in cache 'locationCache'
2023-12-12 23:15:20,523 TRACE [CacheAspectSupport.java:597] - Computed cache key 'Poland' for operation Builder[public com.example.backend.geocodingService.GeocodeResponse com.example.backend.geocodingService.GeocodingService.getGeocodeResultsForLocation(java.lang.String) throws com.example.backend.exceptions.GeocodeApiException] caches=[locationCache] | key='#location' | keyGenerator='' | cacheManager='' | cacheResolver='' | condition='' | unless='' | sync='false'
2023-12-12 23:15:20,528 TRACE [CacheAspectSupport.java:573] - Cache entry for key 'Poland' found in cache 'locationCache'
2023-12-12 23:15:21,298 TRACE [CacheAspectSupport.java:597] - Computed cache key 'Gaza' for operation Builder[public com.example.backend.geocodingService.GeocodeResponse com.example.backend.geocodingService.GeocodingService.getGeocodeResultsForLocation(java.lang.String) throws com.example.backend.exceptions.GeocodeApiException] caches=[locationCache] | key='#location' | keyGenerator='' | cacheManager='' | cacheResolver='' | condition='' | unless='' | sync='false'
2023-12-12 23:15:21,299 TRACE [CacheAspectSupport.java:573] - Cache entry for key 'Gaza' found in cache 'locationCache'
2023-12-12 23:15:21,947 TRACE [CacheAspectSupport.java:597] - Computed cache key 'Ukraine' for operation Builder[public com.example.backend.geocodingService.GeocodeResponse com.example.backend.geocodingService.GeocodingService.getGeocodeResultsForLocation(java.lang.String) throws com.example.backend.exceptions.GeocodeApiException] caches=[locationCache] | key='#location' | keyGenerator='' | cacheManager='' | cacheResolver='' | condition='' | unless='' | sync='false'
2023-12-12 23:15:21,949 TRACE [CacheAspectSupport.java:573] - Cache entry for key 'Ukraine' found in cache 'locationCache'
2023-12-12 23:15:22,508 TRACE [CacheAspectSupport.java:597] - Computed cache key 'Gaza' for operation Builder[public com.example.backend.geocodingService.GeocodeResponse com.example.backend.geocodingService.GeocodingService.getGeocodeResultsForLocation(java.lang.String) throws com.example.backend.exceptions.GeocodeApiException] caches=[locationCache] | key='#location' | keyGenerator='' | cacheManager='' | cacheResolver='' | condition='' | unless='' | sync='false'
2023-12-12 23:15:22,509 TRACE [CacheAspectSupport.java:573] - Cache entry for key 'Gaza' found in cache 'locationCache'
2023-12-12 23:15:23,058 TRACE [CacheAspectSupport.java:597] - Computed cache key 'Pacific' for operation Builder[public com.example.backend.geocodingService.GeocodeResponse com.example.backend.geocodingService.GeocodingService.getGeocodeResultsForLocation(java.lang.String) throws com.example.backend.exceptions.GeocodeApiException] caches=[locationCache] | key='#location' | keyGenerator='' | cacheManager='' | cacheResolver='' | condition='' | unless='' | sync='false'
2023-12-12 23:15:23,058 TRACE [CacheAspectSupport.java:541] - No cache entry for key 'Pacific' in cache(s) [locationCache]
2023-12-12 23:15:23,059 TRACE [CacheAspectSupport.java:597] - Computed cache key 'Pacific' for operation Builder[public com.example.backend.geocodingService.GeocodeResponse com.example.backend.geocodingService.GeocodingService.getGeocodeResultsForLocation(java.lang.String) throws com.example.backend.exceptions.GeocodeApiException] caches=[locationCache] | key='#location' | keyGenerator='' | cacheManager='' | cacheResolver='' | condition='' | unless='' | sync='false'
2023-12-12 23:16:34,579 INFO [SimpleMessageListenerContainer.java:645] - Waiting for workers to finish.
2023-12-12 23:16:34,606 INFO [SimpleMessageListenerContainer.java:649] - Successfully waited for workers to finish.
2023-12-12 23:16:47,517 INFO [RepositoryConfigurationDelegate.java:132] - Bootstrapping Spring Data MongoDB repositories in DEFAULT mode.
2023-12-12 23:16:47,582 INFO [RepositoryConfigurationDelegate.java:201] - Finished Spring Data repository scanning in 58 ms. Found 2 MongoDB repository interfaces.
2023-12-12 23:16:47,812 INFO [PostProcessorRegistrationDelegate.java:376] - Bean 'org.springframework.ws.config.annotation.DelegatingWsConfiguration' of type [org.springframework.ws.config.annotation.DelegatingWsConfiguration$$EnhancerBySpringCGLIB$$9937613] is not eligible for getting processed by all BeanPostProcessors (for example: not eligible for auto-proxying)
2023-12-12 23:16:47,841 WARN [DocumentBuilderFactoryUtils.java:45] - http://javax.xml.XMLConstants/property/accessExternalDTD property not supported by org.apache.xerces.jaxp.DocumentBuilderFactoryImpl
2023-12-12 23:16:47,842 WARN [DocumentBuilderFactoryUtils.java:54] - http://javax.xml.XMLConstants/property/accessExternalSchema property not supported by org.apache.xerces.jaxp.DocumentBuilderFactoryImpl
2023-12-12 23:16:47,869 INFO [AbstractAddressingEndpointMapping.java:239] - Supporting [WS-Addressing August 2004, WS-Addressing 1.0]
2023-12-12 23:16:48,102 INFO [TomcatWebServer.java:108] - Tomcat initialized with port(s): 8080 (http)
2023-12-12 23:16:48,106 INFO [DirectJDKLog.java:173] - Initializing ProtocolHandler ["http-nio-8080"]
2023-12-12 23:16:48,107 INFO [DirectJDKLog.java:173] - Starting service [Tomcat]
2023-12-12 23:16:48,107 INFO [DirectJDKLog.java:173] - Starting Servlet engine: [Apache Tomcat/9.0.82]
2023-12-12 23:16:48,195 INFO [DirectJDKLog.java:173] - Initializing Spring embedded WebApplicationContext
2023-12-12 23:16:48,196 INFO [ServletWebServerApplicationContext.java:292] - Root WebApplicationContext: initialization completed in 1676 ms
2023-12-12 23:16:48,423 INFO [SLF4JLogger.java:71] - MongoClient with metadata {"driver": {"name": "mongo-java-driver|sync|spring-boot", "version": "4.6.1"}, "os": {"type": "Darwin", "name": "Mac OS X", "architecture": "x86_64", "version": "14.0"}, "platform": "Java/Homebrew/17.0.9+0"} created with settings MongoClientSettings{readPreference=primary, writeConcern=WriteConcern{w=majority, wTimeout=null ms, journal=null}, retryWrites=true, retryReads=true, readConcern=ReadConcern{level=null}, credential=MongoCredential{mechanism=null, userName='zaultavangar', source='admin', password=<hidden>, mechanismProperties=<hidden>}, streamFactoryFactory=null, commandListeners=[], codecRegistry=ProvidersCodecRegistry{codecProviders=[ValueCodecProvider{}, BsonValueCodecProvider{}, DBRefCodecProvider{}, DBObjectCodecProvider{}, DocumentCodecProvider{}, IterableCodecProvider{}, MapCodecProvider{}, GeoJsonCodecProvider{}, GridFSFileCodecProvider{}, Jsr310CodecProvider{}, JsonObjectCodecProvider{}, BsonCodecProvider{}, EnumCodecProvider{}, com.mongodb.Jep395RecordCodecProvider@49671897]}, clusterSettings={hosts=[127.0.0.1:27017], srvHost=cluster0.kk4fxua.mongodb.net, srvServiceName=mongodb, mode=MULTIPLE, requiredClusterType=REPLICA_SET, requiredReplicaSetName='atlas-ahs3jo-shard-0', serverSelector='null', clusterListeners='[]', serverSelectionTimeout='30000 ms', localThreshold='30000 ms'}, socketSettings=SocketSettings{connectTimeoutMS=10000, readTimeoutMS=0, receiveBufferSize=0, sendBufferSize=0}, heartbeatSocketSettings=SocketSettings{connectTimeoutMS=10000, readTimeoutMS=10000, receiveBufferSize=0, sendBufferSize=0}, connectionPoolSettings=ConnectionPoolSettings{maxSize=100, minSize=0, maxWaitTimeMS=120000, maxConnectionLifeTimeMS=0, maxConnectionIdleTimeMS=0, maintenanceInitialDelayMS=0, maintenanceFrequencyMS=60000, connectionPoolListeners=[], maxConnecting=2}, serverSettings=ServerSettings{heartbeatFrequencyMS=10000, minHeartbeatFrequencyMS=500, serverListeners='[]', serverMonitorListeners='[]'}, sslSettings=SslSettings{enabled=true, invalidHostNameAllowed=false, context=null}, applicationName='null', compressorList=[], uuidRepresentation=JAVA_LEGACY, serverApi=null, autoEncryptionSettings=null, contextProvider=null}
2023-12-12 23:16:48,453 INFO [SLF4JLogger.java:71] - Adding discovered server ac-18bygxp-shard-00-02.kk4fxua.mongodb.net:27017 to client view of cluster
2023-12-12 23:16:48,467 INFO [SLF4JLogger.java:71] - Adding discovered server ac-18bygxp-shard-00-01.kk4fxua.mongodb.net:27017 to client view of cluster
2023-12-12 23:16:48,468 INFO [SLF4JLogger.java:71] - Adding discovered server ac-18bygxp-shard-00-00.kk4fxua.mongodb.net:27017 to client view of cluster
2023-12-12 23:16:48,529 WARN [CustomConversions.java:266] - Registering converter from class java.time.LocalDateTime to class org.joda.time.LocalDateTime as reading converter although it doesn't convert from a store-supported type; You might want to check your annotation setup at the converter implementation
2023-12-12 23:16:48,734 WARN [CustomConversions.java:266] - Registering converter from class java.time.LocalDateTime to class org.joda.time.LocalDateTime as reading converter although it doesn't convert from a store-supported type; You might want to check your annotation setup at the converter implementation
2023-12-12 23:16:48,921 TRACE [AbstractFallbackCacheOperationSource.java:102] - Adding cacheable method 'getGeocodeResultsForLocation' with attribute: [Builder[public com.example.backend.geocodingService.GeocodeResponse com.example.backend.geocodingService.GeocodingService.getGeocodeResultsForLocation(java.lang.String) throws com.example.backend.exceptions.GeocodeApiException] caches=[locationCache] | key='#location' | keyGenerator='' | cacheManager='' | cacheResolver='' | condition='' | unless='' | sync='false']
2023-12-12 23:16:49,169 INFO [SLF4JLogger.java:71] - Opened connection [connectionId{localValue:2, serverValue:37092}] to ac-18bygxp-shard-00-02.kk4fxua.mongodb.net:27017
2023-12-12 23:16:49,169 INFO [SLF4JLogger.java:71] - Opened connection [connectionId{localValue:6, serverValue:39005}] to ac-18bygxp-shard-00-01.kk4fxua.mongodb.net:27017
2023-12-12 23:16:49,169 INFO [SLF4JLogger.java:71] - Opened connection [connectionId{localValue:1, serverValue:39005}] to ac-18bygxp-shard-00-01.kk4fxua.mongodb.net:27017
2023-12-12 23:16:49,169 INFO [SLF4JLogger.java:71] - Opened connection [connectionId{localValue:5, serverValue:37092}] to ac-18bygxp-shard-00-02.kk4fxua.mongodb.net:27017
2023-12-12 23:16:49,170 INFO [SLF4JLogger.java:71] - Opened connection [connectionId{localValue:4, serverValue:38195}] to ac-18bygxp-shard-00-00.kk4fxua.mongodb.net:27017
2023-12-12 23:16:49,169 INFO [SLF4JLogger.java:71] - Opened connection [connectionId{localValue:3, serverValue:38195}] to ac-18bygxp-shard-00-00.kk4fxua.mongodb.net:27017
2023-12-12 23:16:49,175 INFO [SLF4JLogger.java:71] - Monitor thread successfully connected to server with description ServerDescription{address=ac-18bygxp-shard-00-00.kk4fxua.mongodb.net:27017, type=REPLICA_SET_SECONDARY, state=CONNECTED, ok=true, minWireVersion=0, maxWireVersion=17, maxDocumentSize=16777216, logicalSessionTimeoutMinutes=30, roundTripTimeNanos=425229125, setName='atlas-ahs3jo-shard-0', canonicalAddress=ac-18bygxp-shard-00-00.kk4fxua.mongodb.net:27017, hosts=[ac-18bygxp-shard-00-01.kk4fxua.mongodb.net:27017, ac-18bygxp-shard-00-02.kk4fxua.mongodb.net:27017, ac-18bygxp-shard-00-00.kk4fxua.mongodb.net:27017], passives=[], arbiters=[], primary='ac-18bygxp-shard-00-01.kk4fxua.mongodb.net:27017', tagSet=TagSet{[Tag{name='availabilityZone', value='use1-az4'}, Tag{name='nodeType', value='ELECTABLE'}, Tag{name='provider', value='AWS'}, Tag{name='region', value='US_EAST_1'}, Tag{name='workloadType', value='OPERATIONAL'}]}, electionId=null, setVersion=8, topologyVersion=TopologyVersion{processId=6578174b60318445d60703eb, counter=4}, lastWriteDate=Tue Dec 12 23:16:49 EST 2023, lastUpdateTimeNanos=3019624278665832}
2023-12-12 23:16:49,175 INFO [SLF4JLogger.java:71] - Monitor thread successfully connected to server with description ServerDescription{address=ac-18bygxp-shard-00-02.kk4fxua.mongodb.net:27017, type=REPLICA_SET_SECONDARY, state=CONNECTED, ok=true, minWireVersion=0, maxWireVersion=17, maxDocumentSize=16777216, logicalSessionTimeoutMinutes=30, roundTripTimeNanos=428299333, setName='atlas-ahs3jo-shard-0', canonicalAddress=ac-18bygxp-shard-00-02.kk4fxua.mongodb.net:27017, hosts=[ac-18bygxp-shard-00-01.kk4fxua.mongodb.net:27017, ac-18bygxp-shard-00-02.kk4fxua.mongodb.net:27017, ac-18bygxp-shard-00-00.kk4fxua.mongodb.net:27017], passives=[], arbiters=[], primary='ac-18bygxp-shard-00-01.kk4fxua.mongodb.net:27017', tagSet=TagSet{[Tag{name='availabilityZone', value='use1-az1'}, Tag{name='nodeType', value='ELECTABLE'}, Tag{name='provider', value='AWS'}, Tag{name='region', value='US_EAST_1'}, Tag{name='workloadType', value='OPERATIONAL'}]}, electionId=null, setVersion=8, topologyVersion=TopologyVersion{processId=65781b685ed59c8d63652d90, counter=3}, lastWriteDate=Tue Dec 12 23:16:49 EST 2023, lastUpdateTimeNanos=3019624281748874}
2023-12-12 23:16:49,175 INFO [SLF4JLogger.java:71] - Monitor thread successfully connected to server with description ServerDescription{address=ac-18bygxp-shard-00-01.kk4fxua.mongodb.net:27017, type=REPLICA_SET_PRIMARY, state=CONNECTED, ok=true, minWireVersion=0, maxWireVersion=17, maxDocumentSize=16777216, logicalSessionTimeoutMinutes=30, roundTripTimeNanos=425470000, setName='atlas-ahs3jo-shard-0', canonicalAddress=ac-18bygxp-shard-00-01.kk4fxua.mongodb.net:27017, hosts=[ac-18bygxp-shard-00-01.kk4fxua.mongodb.net:27017, ac-18bygxp-shard-00-02.kk4fxua.mongodb.net:27017, ac-18bygxp-shard-00-00.kk4fxua.mongodb.net:27017], passives=[], arbiters=[], primary='ac-18bygxp-shard-00-01.kk4fxua.mongodb.net:27017', tagSet=TagSet{[Tag{name='availabilityZone', value='use1-az6'}, Tag{name='nodeType', value='ELECTABLE'}, Tag{name='provider', value='AWS'}, Tag{name='region', value='US_EAST_1'}, Tag{name='workloadType', value='OPERATIONAL'}]}, electionId=7fffffff00000000000001a4, setVersion=8, topologyVersion=TopologyVersion{processId=65781a6e3cadbafa4ac3311d, counter=6}, lastWriteDate=Tue Dec 12 23:16:49 EST 2023, lastUpdateTimeNanos=3019624278892791}
2023-12-12 23:16:49,186 INFO [SLF4JLogger.java:71] - Setting max election id to 7fffffff00000000000001a4 from replica set primary ac-18bygxp-shard-00-01.kk4fxua.mongodb.net:27017
2023-12-12 23:16:49,186 INFO [SLF4JLogger.java:71] - Setting max set version to 8 from replica set primary ac-18bygxp-shard-00-01.kk4fxua.mongodb.net:27017
2023-12-12 23:16:49,187 INFO [SLF4JLogger.java:71] - Discovered replica set primary ac-18bygxp-shard-00-01.kk4fxua.mongodb.net:27017
2023-12-12 23:16:50,121 WARN [TransformerFactoryUtils.java:62] - http://javax.xml.XMLConstants/property/accessExternalDTD property not supported by org.apache.xalan.processor.TransformerFactoryImpl
2023-12-12 23:16:50,121 WARN [TransformerFactoryUtils.java:71] - http://javax.xml.XMLConstants/property/accessExternalStylesheet property not supported by org.apache.xalan.processor.TransformerFactoryImpl
2023-12-12 23:16:50,137 WARN [DocumentBuilderFactoryUtils.java:45] - http://javax.xml.XMLConstants/property/accessExternalDTD property not supported by org.apache.xerces.jaxp.DocumentBuilderFactoryImpl
2023-12-12 23:16:50,138 WARN [DocumentBuilderFactoryUtils.java:54] - http://javax.xml.XMLConstants/property/accessExternalSchema property not supported by org.apache.xerces.jaxp.DocumentBuilderFactoryImpl
2023-12-12 23:16:50,139 WARN [DocumentBuilderFactoryUtils.java:45] - http://javax.xml.XMLConstants/property/accessExternalDTD property not supported by org.apache.xerces.jaxp.DocumentBuilderFactoryImpl
2023-12-12 23:16:50,139 WARN [DocumentBuilderFactoryUtils.java:54] - http://javax.xml.XMLConstants/property/accessExternalSchema property not supported by org.apache.xerces.jaxp.DocumentBuilderFactoryImpl
2023-12-12 23:16:50,242 INFO [DirectJDKLog.java:173] - Starting ProtocolHandler ["http-nio-8080"]
2023-12-12 23:16:50,254 INFO [TomcatWebServer.java:220] - Tomcat started on port(s): 8080 (http) with context path ''
2023-12-12 23:16:50,255 INFO [AbstractConnectionFactory.java:639] - Attempting to connect to: [localhost:5672]
2023-12-12 23:16:50,307 INFO [AbstractConnectionFactory.java:590] - Created new connection: rabbitConnectionFactory#ce561cc:0/SimpleConnection@13d1f898 [delegate=amqp://guest@127.0.0.1:5672/, localPort= 60942]
2023-12-12 23:16:50,311 INFO [RabbitAdmin.java:686] - Auto-declaring a non-durable, auto-delete, or exclusive Queue (article_processing_queue) durable:false, auto-delete:false, exclusive:false. It will be redeclared if the broker stops and is restarted while the connection factory is alive, but all messages will be lost.
2023-12-12 23:36:35,133 INFO [DirectJDKLog.java:173] - Initializing Spring DispatcherServlet 'dispatcherServlet'
2023-12-12 23:36:35,135 INFO [FrameworkServlet.java:525] - Initializing Servlet 'dispatcherServlet'
2023-12-12 23:36:35,144 INFO [FrameworkServlet.java:547] - Completed initialization in 9 ms
2023-12-12 23:36:35,579 INFO [SLF4JLogger.java:71] - Opened connection [connectionId{localValue:7, serverValue:39535}] to ac-18bygxp-shard-00-01.kk4fxua.mongodb.net:27017
2023-12-12 23:47:25,915 INFO [SLF4JLogger.java:71] - Opened connection [connectionId{localValue:8, serverValue:39885}] to ac-18bygxp-shard-00-01.kk4fxua.mongodb.net:27017
