2023-12-12 10:12:08,650 INFO [RepositoryConfigurationDelegate.java:132] - Bootstrapping Spring Data MongoDB repositories in DEFAULT mode.
2023-12-12 10:12:08,768 INFO [RepositoryConfigurationDelegate.java:201] - Finished Spring Data repository scanning in 78 ms. Found 2 MongoDB repository interfaces.
2023-12-12 10:12:09,067 INFO [PostProcessorRegistrationDelegate.java:376] - Bean 'org.springframework.ws.config.annotation.DelegatingWsConfiguration' of type [org.springframework.ws.config.annotation.DelegatingWsConfiguration$$EnhancerBySpringCGLIB$$1f8fd40c] is not eligible for getting processed by all BeanPostProcessors (for example: not eligible for auto-proxying)
2023-12-12 10:12:09,140 WARN [DocumentBuilderFactoryUtils.java:45] - http://javax.xml.XMLConstants/property/accessExternalDTD property not supported by org.apache.xerces.jaxp.DocumentBuilderFactoryImpl
2023-12-12 10:12:09,141 WARN [DocumentBuilderFactoryUtils.java:54] - http://javax.xml.XMLConstants/property/accessExternalSchema property not supported by org.apache.xerces.jaxp.DocumentBuilderFactoryImpl
2023-12-12 10:12:09,185 INFO [AbstractAddressingEndpointMapping.java:239] - Supporting [WS-Addressing August 2004, WS-Addressing 1.0]
2023-12-12 10:12:09,489 INFO [TomcatWebServer.java:108] - Tomcat initialized with port(s): 8080 (http)
2023-12-12 10:12:09,494 INFO [DirectJDKLog.java:173] - Initializing ProtocolHandler ["http-nio-8080"]
2023-12-12 10:12:09,495 INFO [DirectJDKLog.java:173] - Starting service [Tomcat]
2023-12-12 10:12:09,495 INFO [DirectJDKLog.java:173] - Starting Servlet engine: [Apache Tomcat/9.0.82]
2023-12-12 10:12:09,600 INFO [DirectJDKLog.java:173] - Initializing Spring embedded WebApplicationContext
2023-12-12 10:12:09,601 INFO [ServletWebServerApplicationContext.java:292] - Root WebApplicationContext: initialization completed in 2385 ms
2023-12-12 10:12:09,893 INFO [SLF4JLogger.java:71] - MongoClient with metadata {"driver": {"name": "mongo-java-driver|sync|spring-boot", "version": "4.6.1"}, "os": {"type": "Darwin", "name": "Mac OS X", "architecture": "x86_64", "version": "14.0"}, "platform": "Java/Homebrew/17.0.9+0"} created with settings MongoClientSettings{readPreference=primary, writeConcern=WriteConcern{w=majority, wTimeout=null ms, journal=null}, retryWrites=true, retryReads=true, readConcern=ReadConcern{level=null}, credential=MongoCredential{mechanism=null, userName='zaultavangar', source='admin', password=<hidden>, mechanismProperties=<hidden>}, streamFactoryFactory=null, commandListeners=[], codecRegistry=ProvidersCodecRegistry{codecProviders=[ValueCodecProvider{}, BsonValueCodecProvider{}, DBRefCodecProvider{}, DBObjectCodecProvider{}, DocumentCodecProvider{}, IterableCodecProvider{}, MapCodecProvider{}, GeoJsonCodecProvider{}, GridFSFileCodecProvider{}, Jsr310CodecProvider{}, JsonObjectCodecProvider{}, BsonCodecProvider{}, EnumCodecProvider{}, com.mongodb.Jep395RecordCodecProvider@49671897]}, clusterSettings={hosts=[127.0.0.1:27017], srvHost=cluster0.kk4fxua.mongodb.net, srvServiceName=mongodb, mode=MULTIPLE, requiredClusterType=REPLICA_SET, requiredReplicaSetName='atlas-ahs3jo-shard-0', serverSelector='null', clusterListeners='[]', serverSelectionTimeout='30000 ms', localThreshold='30000 ms'}, socketSettings=SocketSettings{connectTimeoutMS=10000, readTimeoutMS=0, receiveBufferSize=0, sendBufferSize=0}, heartbeatSocketSettings=SocketSettings{connectTimeoutMS=10000, readTimeoutMS=10000, receiveBufferSize=0, sendBufferSize=0}, connectionPoolSettings=ConnectionPoolSettings{maxSize=100, minSize=0, maxWaitTimeMS=120000, maxConnectionLifeTimeMS=0, maxConnectionIdleTimeMS=0, maintenanceInitialDelayMS=0, maintenanceFrequencyMS=60000, connectionPoolListeners=[], maxConnecting=2}, serverSettings=ServerSettings{heartbeatFrequencyMS=10000, minHeartbeatFrequencyMS=500, serverListeners='[]', serverMonitorListeners='[]'}, sslSettings=SslSettings{enabled=true, invalidHostNameAllowed=false, context=null}, applicationName='null', compressorList=[], uuidRepresentation=JAVA_LEGACY, serverApi=null, autoEncryptionSettings=null, contextProvider=null}
2023-12-12 10:12:09,933 INFO [SLF4JLogger.java:71] - Adding discovered server ac-18bygxp-shard-00-02.kk4fxua.mongodb.net:27017 to client view of cluster
2023-12-12 10:12:09,952 INFO [SLF4JLogger.java:71] - Adding discovered server ac-18bygxp-shard-00-00.kk4fxua.mongodb.net:27017 to client view of cluster
2023-12-12 10:12:09,955 INFO [SLF4JLogger.java:71] - Adding discovered server ac-18bygxp-shard-00-01.kk4fxua.mongodb.net:27017 to client view of cluster
2023-12-12 10:12:10,029 WARN [CustomConversions.java:266] - Registering converter from class java.time.LocalDateTime to class org.joda.time.LocalDateTime as reading converter although it doesn't convert from a store-supported type; You might want to check your annotation setup at the converter implementation
2023-12-12 10:12:10,252 WARN [CustomConversions.java:266] - Registering converter from class java.time.LocalDateTime to class org.joda.time.LocalDateTime as reading converter although it doesn't convert from a store-supported type; You might want to check your annotation setup at the converter implementation
2023-12-12 10:12:10,466 TRACE [AbstractFallbackCacheOperationSource.java:102] - Adding cacheable method 'getGeocodeResultsForLocation' with attribute: [Builder[public com.example.backend.geocodingService.GeocodeResponse com.example.backend.geocodingService.GeocodingService.getGeocodeResultsForLocation(java.lang.String) throws com.example.backend.exceptions.GeocodeApiException] caches=[locationCache] | key='#location' | keyGenerator='' | cacheManager='' | cacheResolver='' | condition='' | unless='' | sync='false']
2023-12-12 10:12:10,653 INFO [SLF4JLogger.java:71] - Opened connection [connectionId{localValue:5, serverValue:12238}] to ac-18bygxp-shard-00-01.kk4fxua.mongodb.net:27017
2023-12-12 10:12:10,653 INFO [SLF4JLogger.java:71] - Opened connection [connectionId{localValue:4, serverValue:11494}] to ac-18bygxp-shard-00-02.kk4fxua.mongodb.net:27017
2023-12-12 10:12:10,653 INFO [SLF4JLogger.java:71] - Opened connection [connectionId{localValue:2, serverValue:12566}] to ac-18bygxp-shard-00-00.kk4fxua.mongodb.net:27017
2023-12-12 10:12:10,653 INFO [SLF4JLogger.java:71] - Opened connection [connectionId{localValue:1, serverValue:12566}] to ac-18bygxp-shard-00-00.kk4fxua.mongodb.net:27017
2023-12-12 10:12:10,654 INFO [SLF4JLogger.java:71] - Opened connection [connectionId{localValue:6, serverValue:12319}] to ac-18bygxp-shard-00-01.kk4fxua.mongodb.net:27017
2023-12-12 10:12:10,654 INFO [SLF4JLogger.java:71] - Opened connection [connectionId{localValue:3, serverValue:11494}] to ac-18bygxp-shard-00-02.kk4fxua.mongodb.net:27017
2023-12-12 10:12:10,655 INFO [SLF4JLogger.java:71] - Monitor thread successfully connected to server with description ServerDescription{address=ac-18bygxp-shard-00-01.kk4fxua.mongodb.net:27017, type=REPLICA_SET_PRIMARY, state=CONNECTED, ok=true, minWireVersion=0, maxWireVersion=17, maxDocumentSize=16777216, logicalSessionTimeoutMinutes=30, roundTripTimeNanos=401975125, setName='atlas-ahs3jo-shard-0', canonicalAddress=ac-18bygxp-shard-00-01.kk4fxua.mongodb.net:27017, hosts=[ac-18bygxp-shard-00-01.kk4fxua.mongodb.net:27017, ac-18bygxp-shard-00-02.kk4fxua.mongodb.net:27017, ac-18bygxp-shard-00-00.kk4fxua.mongodb.net:27017], passives=[], arbiters=[], primary='ac-18bygxp-shard-00-01.kk4fxua.mongodb.net:27017', tagSet=TagSet{[Tag{name='availabilityZone', value='use1-az6'}, Tag{name='nodeType', value='ELECTABLE'}, Tag{name='provider', value='AWS'}, Tag{name='region', value='US_EAST_1'}, Tag{name='workloadType', value='OPERATIONAL'}]}, electionId=7fffffff00000000000001a4, setVersion=8, topologyVersion=TopologyVersion{processId=65781a6e3cadbafa4ac3311d, counter=6}, lastWriteDate=Tue Dec 12 10:12:10 EST 2023, lastUpdateTimeNanos=2972545808209499}
2023-12-12 10:12:10,655 INFO [SLF4JLogger.java:71] - Monitor thread successfully connected to server with description ServerDescription{address=ac-18bygxp-shard-00-02.kk4fxua.mongodb.net:27017, type=REPLICA_SET_SECONDARY, state=CONNECTED, ok=true, minWireVersion=0, maxWireVersion=17, maxDocumentSize=16777216, logicalSessionTimeoutMinutes=30, roundTripTimeNanos=391974500, setName='atlas-ahs3jo-shard-0', canonicalAddress=ac-18bygxp-shard-00-02.kk4fxua.mongodb.net:27017, hosts=[ac-18bygxp-shard-00-01.kk4fxua.mongodb.net:27017, ac-18bygxp-shard-00-02.kk4fxua.mongodb.net:27017, ac-18bygxp-shard-00-00.kk4fxua.mongodb.net:27017], passives=[], arbiters=[], primary='ac-18bygxp-shard-00-01.kk4fxua.mongodb.net:27017', tagSet=TagSet{[Tag{name='availabilityZone', value='use1-az1'}, Tag{name='nodeType', value='ELECTABLE'}, Tag{name='provider', value='AWS'}, Tag{name='region', value='US_EAST_1'}, Tag{name='workloadType', value='OPERATIONAL'}]}, electionId=null, setVersion=8, topologyVersion=TopologyVersion{processId=65781b685ed59c8d63652d90, counter=3}, lastWriteDate=Tue Dec 12 10:12:10 EST 2023, lastUpdateTimeNanos=2972545806529457}
2023-12-12 10:12:10,655 INFO [SLF4JLogger.java:71] - Monitor thread successfully connected to server with description ServerDescription{address=ac-18bygxp-shard-00-00.kk4fxua.mongodb.net:27017, type=REPLICA_SET_SECONDARY, state=CONNECTED, ok=true, minWireVersion=0, maxWireVersion=17, maxDocumentSize=16777216, logicalSessionTimeoutMinutes=30, roundTripTimeNanos=391530750, setName='atlas-ahs3jo-shard-0', canonicalAddress=ac-18bygxp-shard-00-00.kk4fxua.mongodb.net:27017, hosts=[ac-18bygxp-shard-00-01.kk4fxua.mongodb.net:27017, ac-18bygxp-shard-00-02.kk4fxua.mongodb.net:27017, ac-18bygxp-shard-00-00.kk4fxua.mongodb.net:27017], passives=[], arbiters=[], primary='ac-18bygxp-shard-00-01.kk4fxua.mongodb.net:27017', tagSet=TagSet{[Tag{name='availabilityZone', value='use1-az4'}, Tag{name='nodeType', value='ELECTABLE'}, Tag{name='provider', value='AWS'}, Tag{name='region', value='US_EAST_1'}, Tag{name='workloadType', value='OPERATIONAL'}]}, electionId=null, setVersion=8, topologyVersion=TopologyVersion{processId=6578174b60318445d60703eb, counter=4}, lastWriteDate=Tue Dec 12 10:12:10 EST 2023, lastUpdateTimeNanos=2972545806125624}
2023-12-12 10:12:10,658 INFO [SLF4JLogger.java:71] - Setting max election id to 7fffffff00000000000001a4 from replica set primary ac-18bygxp-shard-00-01.kk4fxua.mongodb.net:27017
2023-12-12 10:12:10,658 INFO [SLF4JLogger.java:71] - Setting max set version to 8 from replica set primary ac-18bygxp-shard-00-01.kk4fxua.mongodb.net:27017
2023-12-12 10:12:10,658 INFO [SLF4JLogger.java:71] - Discovered replica set primary ac-18bygxp-shard-00-01.kk4fxua.mongodb.net:27017
2023-12-12 10:12:11,721 WARN [TransformerFactoryUtils.java:62] - http://javax.xml.XMLConstants/property/accessExternalDTD property not supported by org.apache.xalan.processor.TransformerFactoryImpl
2023-12-12 10:12:11,722 WARN [TransformerFactoryUtils.java:71] - http://javax.xml.XMLConstants/property/accessExternalStylesheet property not supported by org.apache.xalan.processor.TransformerFactoryImpl
2023-12-12 10:12:11,740 WARN [DocumentBuilderFactoryUtils.java:45] - http://javax.xml.XMLConstants/property/accessExternalDTD property not supported by org.apache.xerces.jaxp.DocumentBuilderFactoryImpl
2023-12-12 10:12:11,740 WARN [DocumentBuilderFactoryUtils.java:54] - http://javax.xml.XMLConstants/property/accessExternalSchema property not supported by org.apache.xerces.jaxp.DocumentBuilderFactoryImpl
2023-12-12 10:12:11,742 WARN [DocumentBuilderFactoryUtils.java:45] - http://javax.xml.XMLConstants/property/accessExternalDTD property not supported by org.apache.xerces.jaxp.DocumentBuilderFactoryImpl
2023-12-12 10:12:11,742 WARN [DocumentBuilderFactoryUtils.java:54] - http://javax.xml.XMLConstants/property/accessExternalSchema property not supported by org.apache.xerces.jaxp.DocumentBuilderFactoryImpl
2023-12-12 10:12:11,942 INFO [DirectJDKLog.java:173] - Starting ProtocolHandler ["http-nio-8080"]
2023-12-12 10:12:11,955 INFO [TomcatWebServer.java:220] - Tomcat started on port(s): 8080 (http) with context path ''
2023-12-12 10:12:11,956 INFO [AbstractConnectionFactory.java:639] - Attempting to connect to: [localhost:5672]
2023-12-12 10:12:12,026 INFO [AbstractConnectionFactory.java:590] - Created new connection: rabbitConnectionFactory#286866cb:0/SimpleConnection@14b48f39 [delegate=amqp://guest@127.0.0.1:5672/, localPort= 62799]
2023-12-12 10:12:12,030 INFO [RabbitAdmin.java:686] - Auto-declaring a non-durable, auto-delete, or exclusive Queue (article_processing_queue) durable:false, auto-delete:false, exclusive:false. It will be redeclared if the broker stops and is restarted while the connection factory is alive, but all messages will be lost.
2023-12-12 10:14:10,580 INFO [DirectJDKLog.java:173] - Initializing Spring DispatcherServlet 'dispatcherServlet'
2023-12-12 10:14:10,591 INFO [FrameworkServlet.java:525] - Initializing Servlet 'dispatcherServlet'
2023-12-12 10:14:10,595 INFO [FrameworkServlet.java:547] - Completed initialization in 3 ms
2023-12-12 10:14:11,000 INFO [SLF4JLogger.java:71] - Opened connection [connectionId{localValue:7, serverValue:12369}] to ac-18bygxp-shard-00-01.kk4fxua.mongodb.net:27017
