2023-12-01 21:45:55,045 INFO [RepositoryConfigurationDelegate.java:132] - Bootstrapping Spring Data MongoDB repositories in DEFAULT mode.
2023-12-01 21:45:55,122 INFO [RepositoryConfigurationDelegate.java:201] - Finished Spring Data repository scanning in 70 ms. Found 2 MongoDB repository interfaces.
2023-12-01 21:45:55,442 INFO [PostProcessorRegistrationDelegate.java:376] - Bean 'org.springframework.ws.config.annotation.DelegatingWsConfiguration' of type [org.springframework.ws.config.annotation.DelegatingWsConfiguration$$EnhancerBySpringCGLIB$$57b72231] is not eligible for getting processed by all BeanPostProcessors (for example: not eligible for auto-proxying)
2023-12-01 21:45:55,476 WARN [DocumentBuilderFactoryUtils.java:45] - http://javax.xml.XMLConstants/property/accessExternalDTD property not supported by org.apache.xerces.jaxp.DocumentBuilderFactoryImpl
2023-12-01 21:45:55,476 WARN [DocumentBuilderFactoryUtils.java:54] - http://javax.xml.XMLConstants/property/accessExternalSchema property not supported by org.apache.xerces.jaxp.DocumentBuilderFactoryImpl
2023-12-01 21:45:55,510 INFO [AbstractAddressingEndpointMapping.java:239] - Supporting [WS-Addressing August 2004, WS-Addressing 1.0]
2023-12-01 21:45:55,821 INFO [TomcatWebServer.java:108] - Tomcat initialized with port(s): 8080 (http)
2023-12-01 21:45:55,825 INFO [DirectJDKLog.java:173] - Initializing ProtocolHandler ["http-nio-8080"]
2023-12-01 21:45:55,826 INFO [DirectJDKLog.java:173] - Starting service [Tomcat]
2023-12-01 21:45:55,827 INFO [DirectJDKLog.java:173] - Starting Servlet engine: [Apache Tomcat/9.0.82]
2023-12-01 21:45:55,930 INFO [DirectJDKLog.java:173] - Initializing Spring embedded WebApplicationContext
2023-12-01 21:45:55,931 INFO [ServletWebServerApplicationContext.java:292] - Root WebApplicationContext: initialization completed in 1862 ms
2023-12-01 21:45:56,203 INFO [SLF4JLogger.java:71] - MongoClient with metadata {"driver": {"name": "mongo-java-driver|sync|spring-boot", "version": "4.6.1"}, "os": {"type": "Darwin", "name": "Mac OS X", "architecture": "x86_64", "version": "14.0"}, "platform": "Java/Homebrew/17.0.9+0"} created with settings MongoClientSettings{readPreference=primary, writeConcern=WriteConcern{w=majority, wTimeout=null ms, journal=null}, retryWrites=true, retryReads=true, readConcern=ReadConcern{level=null}, credential=MongoCredential{mechanism=null, userName='zaultavangar', source='admin', password=<hidden>, mechanismProperties=<hidden>}, streamFactoryFactory=null, commandListeners=[], codecRegistry=ProvidersCodecRegistry{codecProviders=[ValueCodecProvider{}, BsonValueCodecProvider{}, DBRefCodecProvider{}, DBObjectCodecProvider{}, DocumentCodecProvider{}, IterableCodecProvider{}, MapCodecProvider{}, GeoJsonCodecProvider{}, GridFSFileCodecProvider{}, Jsr310CodecProvider{}, JsonObjectCodecProvider{}, BsonCodecProvider{}, EnumCodecProvider{}, com.mongodb.Jep395RecordCodecProvider@7926352f]}, clusterSettings={hosts=[127.0.0.1:27017], srvHost=cluster0.kk4fxua.mongodb.net, srvServiceName=mongodb, mode=MULTIPLE, requiredClusterType=REPLICA_SET, requiredReplicaSetName='atlas-ahs3jo-shard-0', serverSelector='null', clusterListeners='[]', serverSelectionTimeout='30000 ms', localThreshold='30000 ms'}, socketSettings=SocketSettings{connectTimeoutMS=10000, readTimeoutMS=0, receiveBufferSize=0, sendBufferSize=0}, heartbeatSocketSettings=SocketSettings{connectTimeoutMS=10000, readTimeoutMS=10000, receiveBufferSize=0, sendBufferSize=0}, connectionPoolSettings=ConnectionPoolSettings{maxSize=100, minSize=0, maxWaitTimeMS=120000, maxConnectionLifeTimeMS=0, maxConnectionIdleTimeMS=0, maintenanceInitialDelayMS=0, maintenanceFrequencyMS=60000, connectionPoolListeners=[], maxConnecting=2}, serverSettings=ServerSettings{heartbeatFrequencyMS=10000, minHeartbeatFrequencyMS=500, serverListeners='[]', serverMonitorListeners='[]'}, sslSettings=SslSettings{enabled=true, invalidHostNameAllowed=false, context=null}, applicationName='null', compressorList=[], uuidRepresentation=JAVA_LEGACY, serverApi=null, autoEncryptionSettings=null, contextProvider=null}
2023-12-01 21:45:56,216 INFO [SLF4JLogger.java:71] - Adding discovered server ac-18bygxp-shard-00-02.kk4fxua.mongodb.net:27017 to client view of cluster
2023-12-01 21:45:56,230 INFO [SLF4JLogger.java:71] - Adding discovered server ac-18bygxp-shard-00-00.kk4fxua.mongodb.net:27017 to client view of cluster
2023-12-01 21:45:56,233 INFO [SLF4JLogger.java:71] - Adding discovered server ac-18bygxp-shard-00-01.kk4fxua.mongodb.net:27017 to client view of cluster
2023-12-01 21:45:56,347 WARN [CustomConversions.java:266] - Registering converter from class java.time.LocalDateTime to class org.joda.time.LocalDateTime as reading converter although it doesn't convert from a store-supported type; You might want to check your annotation setup at the converter implementation
2023-12-01 21:45:56,581 WARN [CustomConversions.java:266] - Registering converter from class java.time.LocalDateTime to class org.joda.time.LocalDateTime as reading converter although it doesn't convert from a store-supported type; You might want to check your annotation setup at the converter implementation
2023-12-01 21:45:56,919 TRACE [AbstractFallbackCacheOperationSource.java:102] - Adding cacheable method 'getGeocodeResultsForLocation' with attribute: [Builder[public com.example.backend.geocodingService.GeocodeResponse com.example.backend.geocodingService.GeocodingService.getGeocodeResultsForLocation(java.lang.String) throws com.example.backend.exceptions.GeocodeApiException] caches=[locationCache] | key='#location' | keyGenerator='' | cacheManager='' | cacheResolver='' | condition='' | unless='' | sync='false']
2023-12-01 21:45:57,355 INFO [SLF4JLogger.java:71] - Opened connection [connectionId{localValue:4, serverValue:20768}] to ac-18bygxp-shard-00-01.kk4fxua.mongodb.net:27017
2023-12-01 21:45:57,354 INFO [SLF4JLogger.java:71] - Opened connection [connectionId{localValue:3, serverValue:20735}] to ac-18bygxp-shard-00-01.kk4fxua.mongodb.net:27017
2023-12-01 21:45:57,354 INFO [SLF4JLogger.java:71] - Opened connection [connectionId{localValue:6, serverValue:20120}] to ac-18bygxp-shard-00-00.kk4fxua.mongodb.net:27017
2023-12-01 21:45:57,354 INFO [SLF4JLogger.java:71] - Opened connection [connectionId{localValue:1, serverValue:20117}] to ac-18bygxp-shard-00-00.kk4fxua.mongodb.net:27017
2023-12-01 21:45:57,356 INFO [SLF4JLogger.java:71] - Monitor thread successfully connected to server with description ServerDescription{address=ac-18bygxp-shard-00-00.kk4fxua.mongodb.net:27017, type=REPLICA_SET_SECONDARY, state=CONNECTED, ok=true, minWireVersion=0, maxWireVersion=17, maxDocumentSize=16777216, logicalSessionTimeoutMinutes=30, roundTripTimeNanos=618396167, setName='atlas-ahs3jo-shard-0', canonicalAddress=ac-18bygxp-shard-00-00.kk4fxua.mongodb.net:27017, hosts=[ac-18bygxp-shard-00-01.kk4fxua.mongodb.net:27017, ac-18bygxp-shard-00-02.kk4fxua.mongodb.net:27017, ac-18bygxp-shard-00-00.kk4fxua.mongodb.net:27017], passives=[], arbiters=[], primary='ac-18bygxp-shard-00-01.kk4fxua.mongodb.net:27017', tagSet=TagSet{[Tag{name='availabilityZone', value='use1-az4'}, Tag{name='nodeType', value='ELECTABLE'}, Tag{name='provider', value='AWS'}, Tag{name='region', value='US_EAST_1'}, Tag{name='workloadType', value='OPERATIONAL'}]}, electionId=null, setVersion=8, topologyVersion=TopologyVersion{processId=6569f924f5767a329feede97, counter=4}, lastWriteDate=Fri Dec 01 21:45:57 EST 2023, lastUpdateTimeNanos=2508736794850250}
2023-12-01 21:45:57,356 INFO [SLF4JLogger.java:71] - Monitor thread successfully connected to server with description ServerDescription{address=ac-18bygxp-shard-00-01.kk4fxua.mongodb.net:27017, type=REPLICA_SET_PRIMARY, state=CONNECTED, ok=true, minWireVersion=0, maxWireVersion=17, maxDocumentSize=16777216, logicalSessionTimeoutMinutes=30, roundTripTimeNanos=618321167, setName='atlas-ahs3jo-shard-0', canonicalAddress=ac-18bygxp-shard-00-01.kk4fxua.mongodb.net:27017, hosts=[ac-18bygxp-shard-00-01.kk4fxua.mongodb.net:27017, ac-18bygxp-shard-00-02.kk4fxua.mongodb.net:27017, ac-18bygxp-shard-00-00.kk4fxua.mongodb.net:27017], passives=[], arbiters=[], primary='ac-18bygxp-shard-00-01.kk4fxua.mongodb.net:27017', tagSet=TagSet{[Tag{name='availabilityZone', value='use1-az6'}, Tag{name='nodeType', value='ELECTABLE'}, Tag{name='provider', value='AWS'}, Tag{name='region', value='US_EAST_1'}, Tag{name='workloadType', value='OPERATIONAL'}]}, electionId=7fffffff00000000000001a0, setVersion=8, topologyVersion=TopologyVersion{processId=6569fa25d64c97e402e6ee96, counter=6}, lastWriteDate=Fri Dec 01 21:45:57 EST 2023, lastUpdateTimeNanos=2508736794775333}
2023-12-01 21:45:57,359 INFO [SLF4JLogger.java:71] - Setting max election id to 7fffffff00000000000001a0 from replica set primary ac-18bygxp-shard-00-01.kk4fxua.mongodb.net:27017
2023-12-01 21:45:57,360 INFO [SLF4JLogger.java:71] - Setting max set version to 8 from replica set primary ac-18bygxp-shard-00-01.kk4fxua.mongodb.net:27017
2023-12-01 21:45:57,361 INFO [SLF4JLogger.java:71] - Discovered replica set primary ac-18bygxp-shard-00-01.kk4fxua.mongodb.net:27017
2023-12-01 21:45:57,732 INFO [SLF4JLogger.java:71] - Opened connection [connectionId{localValue:2, serverValue:19199}] to ac-18bygxp-shard-00-02.kk4fxua.mongodb.net:27017
2023-12-01 21:45:57,732 INFO [SLF4JLogger.java:71] - Opened connection [connectionId{localValue:5, serverValue:19199}] to ac-18bygxp-shard-00-02.kk4fxua.mongodb.net:27017
2023-12-01 21:45:57,732 INFO [SLF4JLogger.java:71] - Monitor thread successfully connected to server with description ServerDescription{address=ac-18bygxp-shard-00-02.kk4fxua.mongodb.net:27017, type=REPLICA_SET_SECONDARY, state=CONNECTED, ok=true, minWireVersion=0, maxWireVersion=17, maxDocumentSize=16777216, logicalSessionTimeoutMinutes=30, roundTripTimeNanos=145882458, setName='atlas-ahs3jo-shard-0', canonicalAddress=ac-18bygxp-shard-00-02.kk4fxua.mongodb.net:27017, hosts=[ac-18bygxp-shard-00-01.kk4fxua.mongodb.net:27017, ac-18bygxp-shard-00-02.kk4fxua.mongodb.net:27017, ac-18bygxp-shard-00-00.kk4fxua.mongodb.net:27017], passives=[], arbiters=[], primary='ac-18bygxp-shard-00-01.kk4fxua.mongodb.net:27017', tagSet=TagSet{[Tag{name='availabilityZone', value='use1-az1'}, Tag{name='nodeType', value='ELECTABLE'}, Tag{name='provider', value='AWS'}, Tag{name='region', value='US_EAST_1'}, Tag{name='workloadType', value='OPERATIONAL'}]}, electionId=null, setVersion=8, topologyVersion=TopologyVersion{processId=6569fb1d114a5b78a2441c62, counter=3}, lastWriteDate=Fri Dec 01 21:45:57 EST 2023, lastUpdateTimeNanos=2508737172672875}
2023-12-01 21:45:58,830 WARN [TransformerFactoryUtils.java:62] - http://javax.xml.XMLConstants/property/accessExternalDTD property not supported by org.apache.xalan.processor.TransformerFactoryImpl
2023-12-01 21:45:58,832 WARN [TransformerFactoryUtils.java:71] - http://javax.xml.XMLConstants/property/accessExternalStylesheet property not supported by org.apache.xalan.processor.TransformerFactoryImpl
2023-12-01 21:45:58,856 WARN [DocumentBuilderFactoryUtils.java:45] - http://javax.xml.XMLConstants/property/accessExternalDTD property not supported by org.apache.xerces.jaxp.DocumentBuilderFactoryImpl
2023-12-01 21:45:58,857 WARN [DocumentBuilderFactoryUtils.java:54] - http://javax.xml.XMLConstants/property/accessExternalSchema property not supported by org.apache.xerces.jaxp.DocumentBuilderFactoryImpl
2023-12-01 21:45:58,858 WARN [DocumentBuilderFactoryUtils.java:45] - http://javax.xml.XMLConstants/property/accessExternalDTD property not supported by org.apache.xerces.jaxp.DocumentBuilderFactoryImpl
2023-12-01 21:45:58,859 WARN [DocumentBuilderFactoryUtils.java:54] - http://javax.xml.XMLConstants/property/accessExternalSchema property not supported by org.apache.xerces.jaxp.DocumentBuilderFactoryImpl
2023-12-01 21:45:59,024 INFO [DirectJDKLog.java:173] - Starting ProtocolHandler ["http-nio-8080"]
2023-12-01 21:45:59,050 INFO [TomcatWebServer.java:220] - Tomcat started on port(s): 8080 (http) with context path ''
2023-12-01 21:45:59,052 INFO [AbstractConnectionFactory.java:639] - Attempting to connect to: [localhost:5672]
2023-12-01 21:45:59,180 INFO [AbstractConnectionFactory.java:590] - Created new connection: rabbitConnectionFactory#4228f269:0/SimpleConnection@454e9d65 [delegate=amqp://guest@127.0.0.1:5672/, localPort= 62351]
2023-12-01 21:45:59,184 INFO [RabbitAdmin.java:686] - Auto-declaring a non-durable, auto-delete, or exclusive Queue (article_processing_queue) durable:false, auto-delete:false, exclusive:false. It will be redeclared if the broker stops and is restarted while the connection factory is alive, but all messages will be lost.
2023-12-01 21:46:51,914 INFO [DirectJDKLog.java:173] - Initializing Spring DispatcherServlet 'dispatcherServlet'
2023-12-01 21:46:51,915 INFO [FrameworkServlet.java:525] - Initializing Servlet 'dispatcherServlet'
2023-12-01 21:46:51,921 INFO [FrameworkServlet.java:547] - Completed initialization in 6 ms
2023-12-01 21:46:52,585 INFO [SLF4JLogger.java:71] - Opened connection [connectionId{localValue:7, serverValue:20624}] to ac-18bygxp-shard-00-01.kk4fxua.mongodb.net:27017
