2023-11-30 23:08:03,291 INFO [SimpleMessageListenerContainer.java:645] - Waiting for workers to finish.
2023-11-30 23:08:03,706 INFO [SimpleMessageListenerContainer.java:649] - Successfully waited for workers to finish.
2023-11-30 23:08:12,905 INFO [RepositoryConfigurationDelegate.java:132] - Bootstrapping Spring Data MongoDB repositories in DEFAULT mode.
2023-11-30 23:08:12,963 INFO [RepositoryConfigurationDelegate.java:201] - Finished Spring Data repository scanning in 52 ms. Found 2 MongoDB repository interfaces.
2023-11-30 23:08:13,196 INFO [PostProcessorRegistrationDelegate.java:376] - Bean 'org.springframework.ws.config.annotation.DelegatingWsConfiguration' of type [org.springframework.ws.config.annotation.DelegatingWsConfiguration$$EnhancerBySpringCGLIB$$a92a2ad8] is not eligible for getting processed by all BeanPostProcessors (for example: not eligible for auto-proxying)
2023-11-30 23:08:13,225 WARN [DocumentBuilderFactoryUtils.java:45] - http://javax.xml.XMLConstants/property/accessExternalDTD property not supported by org.apache.xerces.jaxp.DocumentBuilderFactoryImpl
2023-11-30 23:08:13,226 WARN [DocumentBuilderFactoryUtils.java:54] - http://javax.xml.XMLConstants/property/accessExternalSchema property not supported by org.apache.xerces.jaxp.DocumentBuilderFactoryImpl
2023-11-30 23:08:13,253 INFO [AbstractAddressingEndpointMapping.java:239] - Supporting [WS-Addressing August 2004, WS-Addressing 1.0]
2023-11-30 23:08:13,497 INFO [TomcatWebServer.java:108] - Tomcat initialized with port(s): 8080 (http)
2023-11-30 23:08:13,502 INFO [DirectJDKLog.java:173] - Initializing ProtocolHandler ["http-nio-8080"]
2023-11-30 23:08:13,503 INFO [DirectJDKLog.java:173] - Starting service [Tomcat]
2023-11-30 23:08:13,503 INFO [DirectJDKLog.java:173] - Starting Servlet engine: [Apache Tomcat/9.0.82]
2023-11-30 23:08:13,594 INFO [DirectJDKLog.java:173] - Initializing Spring embedded WebApplicationContext
2023-11-30 23:08:13,596 INFO [ServletWebServerApplicationContext.java:292] - Root WebApplicationContext: initialization completed in 1422 ms
2023-11-30 23:08:13,875 INFO [SLF4JLogger.java:71] - MongoClient with metadata {"driver": {"name": "mongo-java-driver|sync|spring-boot", "version": "4.6.1"}, "os": {"type": "Darwin", "name": "Mac OS X", "architecture": "x86_64", "version": "14.0"}, "platform": "Java/Homebrew/17.0.9+0"} created with settings MongoClientSettings{readPreference=primary, writeConcern=WriteConcern{w=majority, wTimeout=null ms, journal=null}, retryWrites=true, retryReads=true, readConcern=ReadConcern{level=null}, credential=MongoCredential{mechanism=null, userName='zaultavangar', source='admin', password=<hidden>, mechanismProperties=<hidden>}, streamFactoryFactory=null, commandListeners=[], codecRegistry=ProvidersCodecRegistry{codecProviders=[ValueCodecProvider{}, BsonValueCodecProvider{}, DBRefCodecProvider{}, DBObjectCodecProvider{}, DocumentCodecProvider{}, IterableCodecProvider{}, MapCodecProvider{}, GeoJsonCodecProvider{}, GridFSFileCodecProvider{}, Jsr310CodecProvider{}, JsonObjectCodecProvider{}, BsonCodecProvider{}, EnumCodecProvider{}, com.mongodb.Jep395RecordCodecProvider@31efacad]}, clusterSettings={hosts=[127.0.0.1:27017], srvHost=cluster0.kk4fxua.mongodb.net, srvServiceName=mongodb, mode=MULTIPLE, requiredClusterType=REPLICA_SET, requiredReplicaSetName='atlas-ahs3jo-shard-0', serverSelector='null', clusterListeners='[]', serverSelectionTimeout='30000 ms', localThreshold='30000 ms'}, socketSettings=SocketSettings{connectTimeoutMS=10000, readTimeoutMS=0, receiveBufferSize=0, sendBufferSize=0}, heartbeatSocketSettings=SocketSettings{connectTimeoutMS=10000, readTimeoutMS=10000, receiveBufferSize=0, sendBufferSize=0}, connectionPoolSettings=ConnectionPoolSettings{maxSize=100, minSize=0, maxWaitTimeMS=120000, maxConnectionLifeTimeMS=0, maxConnectionIdleTimeMS=0, maintenanceInitialDelayMS=0, maintenanceFrequencyMS=60000, connectionPoolListeners=[], maxConnecting=2}, serverSettings=ServerSettings{heartbeatFrequencyMS=10000, minHeartbeatFrequencyMS=500, serverListeners='[]', serverMonitorListeners='[]'}, sslSettings=SslSettings{enabled=true, invalidHostNameAllowed=false, context=null}, applicationName='null', compressorList=[], uuidRepresentation=JAVA_LEGACY, serverApi=null, autoEncryptionSettings=null, contextProvider=null}
2023-11-30 23:08:13,884 INFO [SLF4JLogger.java:71] - Adding discovered server ac-18bygxp-shard-00-02.kk4fxua.mongodb.net:27017 to client view of cluster
2023-11-30 23:08:13,902 INFO [SLF4JLogger.java:71] - Adding discovered server ac-18bygxp-shard-00-00.kk4fxua.mongodb.net:27017 to client view of cluster
2023-11-30 23:08:13,906 INFO [SLF4JLogger.java:71] - Adding discovered server ac-18bygxp-shard-00-01.kk4fxua.mongodb.net:27017 to client view of cluster
2023-11-30 23:08:14,060 WARN [CustomConversions.java:266] - Registering converter from class java.time.LocalDateTime to class org.joda.time.LocalDateTime as reading converter although it doesn't convert from a store-supported type; You might want to check your annotation setup at the converter implementation
2023-11-30 23:08:14,275 WARN [CustomConversions.java:266] - Registering converter from class java.time.LocalDateTime to class org.joda.time.LocalDateTime as reading converter although it doesn't convert from a store-supported type; You might want to check your annotation setup at the converter implementation
2023-11-30 23:08:14,531 TRACE [AbstractFallbackCacheOperationSource.java:102] - Adding cacheable method 'getGeocodeResultsForLocation' with attribute: [Builder[public com.example.backend.geocodingService.GeocodeResponse com.example.backend.geocodingService.GeocodingService.getGeocodeResultsForLocation(java.lang.String) throws com.example.backend.exceptions.GeocodeApiException] caches=[locationCache] | key='#location' | keyGenerator='' | cacheManager='' | cacheResolver='' | condition='' | unless='' | sync='false']
2023-11-30 23:08:14,783 INFO [SLF4JLogger.java:71] - Opened connection [connectionId{localValue:4, serverValue:28353}] to ac-18bygxp-shard-00-00.kk4fxua.mongodb.net:27017
2023-11-30 23:08:14,783 INFO [SLF4JLogger.java:71] - Opened connection [connectionId{localValue:6, serverValue:28964}] to ac-18bygxp-shard-00-02.kk4fxua.mongodb.net:27017
2023-11-30 23:08:14,783 INFO [SLF4JLogger.java:71] - Opened connection [connectionId{localValue:2, serverValue:26777}] to ac-18bygxp-shard-00-01.kk4fxua.mongodb.net:27017
2023-11-30 23:08:14,783 INFO [SLF4JLogger.java:71] - Opened connection [connectionId{localValue:5, serverValue:28357}] to ac-18bygxp-shard-00-00.kk4fxua.mongodb.net:27017
2023-11-30 23:08:14,783 INFO [SLF4JLogger.java:71] - Opened connection [connectionId{localValue:1, serverValue:26777}] to ac-18bygxp-shard-00-01.kk4fxua.mongodb.net:27017
2023-11-30 23:08:14,783 INFO [SLF4JLogger.java:71] - Opened connection [connectionId{localValue:3, serverValue:29076}] to ac-18bygxp-shard-00-02.kk4fxua.mongodb.net:27017
2023-11-30 23:08:14,785 INFO [SLF4JLogger.java:71] - Monitor thread successfully connected to server with description ServerDescription{address=ac-18bygxp-shard-00-01.kk4fxua.mongodb.net:27017, type=REPLICA_SET_SECONDARY, state=CONNECTED, ok=true, minWireVersion=0, maxWireVersion=17, maxDocumentSize=16777216, logicalSessionTimeoutMinutes=30, roundTripTimeNanos=402876833, setName='atlas-ahs3jo-shard-0', canonicalAddress=ac-18bygxp-shard-00-01.kk4fxua.mongodb.net:27017, hosts=[ac-18bygxp-shard-00-01.kk4fxua.mongodb.net:27017, ac-18bygxp-shard-00-02.kk4fxua.mongodb.net:27017, ac-18bygxp-shard-00-00.kk4fxua.mongodb.net:27017], passives=[], arbiters=[], primary='ac-18bygxp-shard-00-02.kk4fxua.mongodb.net:27017', tagSet=TagSet{[Tag{name='availabilityZone', value='use1-az6'}, Tag{name='nodeType', value='ELECTABLE'}, Tag{name='provider', value='AWS'}, Tag{name='region', value='US_EAST_1'}, Tag{name='workloadType', value='OPERATIONAL'}]}, electionId=null, setVersion=8, topologyVersion=TopologyVersion{processId=6568867ceedc2ab2fee5a012, counter=3}, lastWriteDate=Thu Nov 30 23:08:14 EST 2023, lastUpdateTimeNanos=2449394843791458}
2023-11-30 23:08:14,785 INFO [SLF4JLogger.java:71] - Monitor thread successfully connected to server with description ServerDescription{address=ac-18bygxp-shard-00-00.kk4fxua.mongodb.net:27017, type=REPLICA_SET_SECONDARY, state=CONNECTED, ok=true, minWireVersion=0, maxWireVersion=17, maxDocumentSize=16777216, logicalSessionTimeoutMinutes=30, roundTripTimeNanos=398057459, setName='atlas-ahs3jo-shard-0', canonicalAddress=ac-18bygxp-shard-00-00.kk4fxua.mongodb.net:27017, hosts=[ac-18bygxp-shard-00-01.kk4fxua.mongodb.net:27017, ac-18bygxp-shard-00-02.kk4fxua.mongodb.net:27017, ac-18bygxp-shard-00-00.kk4fxua.mongodb.net:27017], passives=[], arbiters=[], primary='ac-18bygxp-shard-00-02.kk4fxua.mongodb.net:27017', tagSet=TagSet{[Tag{name='availabilityZone', value='use1-az4'}, Tag{name='nodeType', value='ELECTABLE'}, Tag{name='provider', value='AWS'}, Tag{name='region', value='US_EAST_1'}, Tag{name='workloadType', value='OPERATIONAL'}]}, electionId=null, setVersion=8, topologyVersion=TopologyVersion{processId=656883aff9d931d3d4157e31, counter=4}, lastWriteDate=Thu Nov 30 23:08:14 EST 2023, lastUpdateTimeNanos=2449394843941375}
2023-11-30 23:08:14,785 INFO [SLF4JLogger.java:71] - Monitor thread successfully connected to server with description ServerDescription{address=ac-18bygxp-shard-00-02.kk4fxua.mongodb.net:27017, type=REPLICA_SET_PRIMARY, state=CONNECTED, ok=true, minWireVersion=0, maxWireVersion=17, maxDocumentSize=16777216, logicalSessionTimeoutMinutes=30, roundTripTimeNanos=402870000, setName='atlas-ahs3jo-shard-0', canonicalAddress=ac-18bygxp-shard-00-02.kk4fxua.mongodb.net:27017, hosts=[ac-18bygxp-shard-00-01.kk4fxua.mongodb.net:27017, ac-18bygxp-shard-00-02.kk4fxua.mongodb.net:27017, ac-18bygxp-shard-00-00.kk4fxua.mongodb.net:27017], passives=[], arbiters=[], primary='ac-18bygxp-shard-00-02.kk4fxua.mongodb.net:27017', tagSet=TagSet{[Tag{name='availabilityZone', value='use1-az1'}, Tag{name='nodeType', value='ELECTABLE'}, Tag{name='provider', value='AWS'}, Tag{name='region', value='US_EAST_1'}, Tag{name='workloadType', value='OPERATIONAL'}]}, electionId=7fffffff000000000000019f, setVersion=8, topologyVersion=TopologyVersion{processId=65688525b73472a8a10656cb, counter=6}, lastWriteDate=Thu Nov 30 23:08:14 EST 2023, lastUpdateTimeNanos=2449394843786500}
2023-11-30 23:08:14,788 INFO [SLF4JLogger.java:71] - Setting max election id to 7fffffff000000000000019f from replica set primary ac-18bygxp-shard-00-02.kk4fxua.mongodb.net:27017
2023-11-30 23:08:14,788 INFO [SLF4JLogger.java:71] - Setting max set version to 8 from replica set primary ac-18bygxp-shard-00-02.kk4fxua.mongodb.net:27017
2023-11-30 23:08:14,788 INFO [SLF4JLogger.java:71] - Discovered replica set primary ac-18bygxp-shard-00-02.kk4fxua.mongodb.net:27017
2023-11-30 23:08:15,755 WARN [TransformerFactoryUtils.java:62] - http://javax.xml.XMLConstants/property/accessExternalDTD property not supported by org.apache.xalan.processor.TransformerFactoryImpl
2023-11-30 23:08:15,756 WARN [TransformerFactoryUtils.java:71] - http://javax.xml.XMLConstants/property/accessExternalStylesheet property not supported by org.apache.xalan.processor.TransformerFactoryImpl
2023-11-30 23:08:15,773 WARN [DocumentBuilderFactoryUtils.java:45] - http://javax.xml.XMLConstants/property/accessExternalDTD property not supported by org.apache.xerces.jaxp.DocumentBuilderFactoryImpl
2023-11-30 23:08:15,774 WARN [DocumentBuilderFactoryUtils.java:54] - http://javax.xml.XMLConstants/property/accessExternalSchema property not supported by org.apache.xerces.jaxp.DocumentBuilderFactoryImpl
2023-11-30 23:08:15,775 WARN [DocumentBuilderFactoryUtils.java:45] - http://javax.xml.XMLConstants/property/accessExternalDTD property not supported by org.apache.xerces.jaxp.DocumentBuilderFactoryImpl
2023-11-30 23:08:15,776 WARN [DocumentBuilderFactoryUtils.java:54] - http://javax.xml.XMLConstants/property/accessExternalSchema property not supported by org.apache.xerces.jaxp.DocumentBuilderFactoryImpl
2023-11-30 23:08:15,875 INFO [DirectJDKLog.java:173] - Starting ProtocolHandler ["http-nio-8080"]
2023-11-30 23:08:15,886 INFO [TomcatWebServer.java:220] - Tomcat started on port(s): 8080 (http) with context path ''
2023-11-30 23:08:15,887 INFO [AbstractConnectionFactory.java:639] - Attempting to connect to: [localhost:5672]
2023-11-30 23:08:15,914 INFO [AbstractConnectionFactory.java:590] - Created new connection: rabbitConnectionFactory#605c7a9e:0/SimpleConnection@47d9c01 [delegate=amqp://guest@127.0.0.1:5672/, localPort= 49483]
2023-11-30 23:08:15,917 INFO [RabbitAdmin.java:686] - Auto-declaring a non-durable, auto-delete, or exclusive Queue (article_processing_queue) durable:false, auto-delete:false, exclusive:false. It will be redeclared if the broker stops and is restarted while the connection factory is alive, but all messages will be lost.
2023-11-30 23:08:21,320 INFO [DirectJDKLog.java:173] - Initializing Spring DispatcherServlet 'dispatcherServlet'
2023-11-30 23:08:21,321 INFO [FrameworkServlet.java:525] - Initializing Servlet 'dispatcherServlet'
2023-11-30 23:08:21,323 INFO [FrameworkServlet.java:547] - Completed initialization in 2 ms
2023-11-30 23:08:21,573 INFO [SLF4JLogger.java:71] - Opened connection [connectionId{localValue:7, serverValue:29324}] to ac-18bygxp-shard-00-02.kk4fxua.mongodb.net:27017
2023-11-30 23:20:10,381 INFO [SimpleMessageListenerContainer.java:645] - Waiting for workers to finish.
2023-11-30 23:20:10,548 INFO [SimpleMessageListenerContainer.java:649] - Successfully waited for workers to finish.
2023-11-30 23:20:47,761 INFO [RepositoryConfigurationDelegate.java:132] - Bootstrapping Spring Data MongoDB repositories in DEFAULT mode.
2023-11-30 23:20:47,823 INFO [RepositoryConfigurationDelegate.java:201] - Finished Spring Data repository scanning in 56 ms. Found 2 MongoDB repository interfaces.
2023-11-30 23:20:48,062 INFO [PostProcessorRegistrationDelegate.java:376] - Bean 'org.springframework.ws.config.annotation.DelegatingWsConfiguration' of type [org.springframework.ws.config.annotation.DelegatingWsConfiguration$$EnhancerBySpringCGLIB$$db117945] is not eligible for getting processed by all BeanPostProcessors (for example: not eligible for auto-proxying)
2023-11-30 23:20:48,092 WARN [DocumentBuilderFactoryUtils.java:45] - http://javax.xml.XMLConstants/property/accessExternalDTD property not supported by org.apache.xerces.jaxp.DocumentBuilderFactoryImpl
2023-11-30 23:20:48,093 WARN [DocumentBuilderFactoryUtils.java:54] - http://javax.xml.XMLConstants/property/accessExternalSchema property not supported by org.apache.xerces.jaxp.DocumentBuilderFactoryImpl
2023-11-30 23:20:48,121 INFO [AbstractAddressingEndpointMapping.java:239] - Supporting [WS-Addressing August 2004, WS-Addressing 1.0]
2023-11-30 23:20:48,474 INFO [TomcatWebServer.java:108] - Tomcat initialized with port(s): 8080 (http)
2023-11-30 23:20:48,484 INFO [DirectJDKLog.java:173] - Initializing ProtocolHandler ["http-nio-8080"]
2023-11-30 23:20:48,485 INFO [DirectJDKLog.java:173] - Starting service [Tomcat]
2023-11-30 23:20:48,485 INFO [DirectJDKLog.java:173] - Starting Servlet engine: [Apache Tomcat/9.0.82]
2023-11-30 23:20:48,595 INFO [DirectJDKLog.java:173] - Initializing Spring embedded WebApplicationContext
2023-11-30 23:20:48,596 INFO [ServletWebServerApplicationContext.java:292] - Root WebApplicationContext: initialization completed in 1562 ms
2023-11-30 23:20:48,821 INFO [SLF4JLogger.java:71] - MongoClient with metadata {"driver": {"name": "mongo-java-driver|sync|spring-boot", "version": "4.6.1"}, "os": {"type": "Darwin", "name": "Mac OS X", "architecture": "x86_64", "version": "14.0"}, "platform": "Java/Homebrew/17.0.9+0"} created with settings MongoClientSettings{readPreference=primary, writeConcern=WriteConcern{w=majority, wTimeout=null ms, journal=null}, retryWrites=true, retryReads=true, readConcern=ReadConcern{level=null}, credential=MongoCredential{mechanism=null, userName='zaultavangar', source='admin', password=<hidden>, mechanismProperties=<hidden>}, streamFactoryFactory=null, commandListeners=[], codecRegistry=ProvidersCodecRegistry{codecProviders=[ValueCodecProvider{}, BsonValueCodecProvider{}, DBRefCodecProvider{}, DBObjectCodecProvider{}, DocumentCodecProvider{}, IterableCodecProvider{}, MapCodecProvider{}, GeoJsonCodecProvider{}, GridFSFileCodecProvider{}, Jsr310CodecProvider{}, JsonObjectCodecProvider{}, BsonCodecProvider{}, EnumCodecProvider{}, com.mongodb.Jep395RecordCodecProvider@5d124d29]}, clusterSettings={hosts=[127.0.0.1:27017], srvHost=cluster0.kk4fxua.mongodb.net, srvServiceName=mongodb, mode=MULTIPLE, requiredClusterType=REPLICA_SET, requiredReplicaSetName='atlas-ahs3jo-shard-0', serverSelector='null', clusterListeners='[]', serverSelectionTimeout='30000 ms', localThreshold='30000 ms'}, socketSettings=SocketSettings{connectTimeoutMS=10000, readTimeoutMS=0, receiveBufferSize=0, sendBufferSize=0}, heartbeatSocketSettings=SocketSettings{connectTimeoutMS=10000, readTimeoutMS=10000, receiveBufferSize=0, sendBufferSize=0}, connectionPoolSettings=ConnectionPoolSettings{maxSize=100, minSize=0, maxWaitTimeMS=120000, maxConnectionLifeTimeMS=0, maxConnectionIdleTimeMS=0, maintenanceInitialDelayMS=0, maintenanceFrequencyMS=60000, connectionPoolListeners=[], maxConnecting=2}, serverSettings=ServerSettings{heartbeatFrequencyMS=10000, minHeartbeatFrequencyMS=500, serverListeners='[]', serverMonitorListeners='[]'}, sslSettings=SslSettings{enabled=true, invalidHostNameAllowed=false, context=null}, applicationName='null', compressorList=[], uuidRepresentation=JAVA_LEGACY, serverApi=null, autoEncryptionSettings=null, contextProvider=null}
2023-11-30 23:20:48,833 INFO [SLF4JLogger.java:71] - Adding discovered server ac-18bygxp-shard-00-02.kk4fxua.mongodb.net:27017 to client view of cluster
2023-11-30 23:20:48,854 INFO [SLF4JLogger.java:71] - Adding discovered server ac-18bygxp-shard-00-00.kk4fxua.mongodb.net:27017 to client view of cluster
2023-11-30 23:20:48,857 INFO [SLF4JLogger.java:71] - Adding discovered server ac-18bygxp-shard-00-01.kk4fxua.mongodb.net:27017 to client view of cluster
2023-11-30 23:20:48,929 WARN [CustomConversions.java:266] - Registering converter from class java.time.LocalDateTime to class org.joda.time.LocalDateTime as reading converter although it doesn't convert from a store-supported type; You might want to check your annotation setup at the converter implementation
2023-11-30 23:20:49,127 WARN [CustomConversions.java:266] - Registering converter from class java.time.LocalDateTime to class org.joda.time.LocalDateTime as reading converter although it doesn't convert from a store-supported type; You might want to check your annotation setup at the converter implementation
2023-11-30 23:20:49,367 TRACE [AbstractFallbackCacheOperationSource.java:102] - Adding cacheable method 'getGeocodeResultsForLocation' with attribute: [Builder[public com.example.backend.geocodingService.GeocodeResponse com.example.backend.geocodingService.GeocodingService.getGeocodeResultsForLocation(java.lang.String) throws com.example.backend.exceptions.GeocodeApiException] caches=[locationCache] | key='#location' | keyGenerator='' | cacheManager='' | cacheResolver='' | condition='' | unless='' | sync='false']
2023-11-30 23:20:49,692 INFO [SLF4JLogger.java:71] - Opened connection [connectionId{localValue:2, serverValue:29539}] to ac-18bygxp-shard-00-02.kk4fxua.mongodb.net:27017
2023-11-30 23:20:49,691 INFO [SLF4JLogger.java:71] - Opened connection [connectionId{localValue:3, serverValue:29539}] to ac-18bygxp-shard-00-02.kk4fxua.mongodb.net:27017
2023-11-30 23:20:49,691 INFO [SLF4JLogger.java:71] - Opened connection [connectionId{localValue:1, serverValue:28572}] to ac-18bygxp-shard-00-00.kk4fxua.mongodb.net:27017
2023-11-30 23:20:49,691 INFO [SLF4JLogger.java:71] - Opened connection [connectionId{localValue:4, serverValue:28580}] to ac-18bygxp-shard-00-00.kk4fxua.mongodb.net:27017
2023-11-30 23:20:49,691 INFO [SLF4JLogger.java:71] - Opened connection [connectionId{localValue:6, serverValue:26988}] to ac-18bygxp-shard-00-01.kk4fxua.mongodb.net:27017
2023-11-30 23:20:49,691 INFO [SLF4JLogger.java:71] - Opened connection [connectionId{localValue:5, serverValue:26987}] to ac-18bygxp-shard-00-01.kk4fxua.mongodb.net:27017
2023-11-30 23:20:49,694 INFO [SLF4JLogger.java:71] - Monitor thread successfully connected to server with description ServerDescription{address=ac-18bygxp-shard-00-02.kk4fxua.mongodb.net:27017, type=REPLICA_SET_PRIMARY, state=CONNECTED, ok=true, minWireVersion=0, maxWireVersion=17, maxDocumentSize=16777216, logicalSessionTimeoutMinutes=30, roundTripTimeNanos=463080333, setName='atlas-ahs3jo-shard-0', canonicalAddress=ac-18bygxp-shard-00-02.kk4fxua.mongodb.net:27017, hosts=[ac-18bygxp-shard-00-01.kk4fxua.mongodb.net:27017, ac-18bygxp-shard-00-02.kk4fxua.mongodb.net:27017, ac-18bygxp-shard-00-00.kk4fxua.mongodb.net:27017], passives=[], arbiters=[], primary='ac-18bygxp-shard-00-02.kk4fxua.mongodb.net:27017', tagSet=TagSet{[Tag{name='availabilityZone', value='use1-az1'}, Tag{name='nodeType', value='ELECTABLE'}, Tag{name='provider', value='AWS'}, Tag{name='region', value='US_EAST_1'}, Tag{name='workloadType', value='OPERATIONAL'}]}, electionId=7fffffff000000000000019f, setVersion=8, topologyVersion=TopologyVersion{processId=65688525b73472a8a10656cb, counter=6}, lastWriteDate=Thu Nov 30 23:20:49 EST 2023, lastUpdateTimeNanos=2450149743816541}
2023-11-30 23:20:49,694 INFO [SLF4JLogger.java:71] - Monitor thread successfully connected to server with description ServerDescription{address=ac-18bygxp-shard-00-00.kk4fxua.mongodb.net:27017, type=REPLICA_SET_SECONDARY, state=CONNECTED, ok=true, minWireVersion=0, maxWireVersion=17, maxDocumentSize=16777216, logicalSessionTimeoutMinutes=30, roundTripTimeNanos=463341959, setName='atlas-ahs3jo-shard-0', canonicalAddress=ac-18bygxp-shard-00-00.kk4fxua.mongodb.net:27017, hosts=[ac-18bygxp-shard-00-01.kk4fxua.mongodb.net:27017, ac-18bygxp-shard-00-02.kk4fxua.mongodb.net:27017, ac-18bygxp-shard-00-00.kk4fxua.mongodb.net:27017], passives=[], arbiters=[], primary='ac-18bygxp-shard-00-02.kk4fxua.mongodb.net:27017', tagSet=TagSet{[Tag{name='availabilityZone', value='use1-az4'}, Tag{name='nodeType', value='ELECTABLE'}, Tag{name='provider', value='AWS'}, Tag{name='region', value='US_EAST_1'}, Tag{name='workloadType', value='OPERATIONAL'}]}, electionId=null, setVersion=8, topologyVersion=TopologyVersion{processId=656883aff9d931d3d4157e31, counter=4}, lastWriteDate=Thu Nov 30 23:20:49 EST 2023, lastUpdateTimeNanos=2450149743667458}
2023-11-30 23:20:49,694 INFO [SLF4JLogger.java:71] - Monitor thread successfully connected to server with description ServerDescription{address=ac-18bygxp-shard-00-01.kk4fxua.mongodb.net:27017, type=REPLICA_SET_SECONDARY, state=CONNECTED, ok=true, minWireVersion=0, maxWireVersion=17, maxDocumentSize=16777216, logicalSessionTimeoutMinutes=30, roundTripTimeNanos=463184333, setName='atlas-ahs3jo-shard-0', canonicalAddress=ac-18bygxp-shard-00-01.kk4fxua.mongodb.net:27017, hosts=[ac-18bygxp-shard-00-01.kk4fxua.mongodb.net:27017, ac-18bygxp-shard-00-02.kk4fxua.mongodb.net:27017, ac-18bygxp-shard-00-00.kk4fxua.mongodb.net:27017], passives=[], arbiters=[], primary='ac-18bygxp-shard-00-02.kk4fxua.mongodb.net:27017', tagSet=TagSet{[Tag{name='availabilityZone', value='use1-az6'}, Tag{name='nodeType', value='ELECTABLE'}, Tag{name='provider', value='AWS'}, Tag{name='region', value='US_EAST_1'}, Tag{name='workloadType', value='OPERATIONAL'}]}, electionId=null, setVersion=8, topologyVersion=TopologyVersion{processId=6568867ceedc2ab2fee5a012, counter=3}, lastWriteDate=Thu Nov 30 23:20:49 EST 2023, lastUpdateTimeNanos=2450149743887875}
2023-11-30 23:20:49,696 INFO [SLF4JLogger.java:71] - Setting max election id to 7fffffff000000000000019f from replica set primary ac-18bygxp-shard-00-02.kk4fxua.mongodb.net:27017
2023-11-30 23:20:49,696 INFO [SLF4JLogger.java:71] - Setting max set version to 8 from replica set primary ac-18bygxp-shard-00-02.kk4fxua.mongodb.net:27017
2023-11-30 23:20:49,696 INFO [SLF4JLogger.java:71] - Discovered replica set primary ac-18bygxp-shard-00-02.kk4fxua.mongodb.net:27017
2023-11-30 23:20:50,706 WARN [TransformerFactoryUtils.java:62] - http://javax.xml.XMLConstants/property/accessExternalDTD property not supported by org.apache.xalan.processor.TransformerFactoryImpl
2023-11-30 23:20:50,707 WARN [TransformerFactoryUtils.java:71] - http://javax.xml.XMLConstants/property/accessExternalStylesheet property not supported by org.apache.xalan.processor.TransformerFactoryImpl
2023-11-30 23:20:50,725 WARN [DocumentBuilderFactoryUtils.java:45] - http://javax.xml.XMLConstants/property/accessExternalDTD property not supported by org.apache.xerces.jaxp.DocumentBuilderFactoryImpl
2023-11-30 23:20:50,726 WARN [DocumentBuilderFactoryUtils.java:54] - http://javax.xml.XMLConstants/property/accessExternalSchema property not supported by org.apache.xerces.jaxp.DocumentBuilderFactoryImpl
2023-11-30 23:20:50,727 WARN [DocumentBuilderFactoryUtils.java:45] - http://javax.xml.XMLConstants/property/accessExternalDTD property not supported by org.apache.xerces.jaxp.DocumentBuilderFactoryImpl
2023-11-30 23:20:50,728 WARN [DocumentBuilderFactoryUtils.java:54] - http://javax.xml.XMLConstants/property/accessExternalSchema property not supported by org.apache.xerces.jaxp.DocumentBuilderFactoryImpl
2023-11-30 23:20:50,844 INFO [DirectJDKLog.java:173] - Starting ProtocolHandler ["http-nio-8080"]
2023-11-30 23:20:50,857 INFO [TomcatWebServer.java:220] - Tomcat started on port(s): 8080 (http) with context path ''
2023-11-30 23:20:50,858 INFO [AbstractConnectionFactory.java:639] - Attempting to connect to: [localhost:5672]
2023-11-30 23:20:50,891 INFO [AbstractConnectionFactory.java:590] - Created new connection: rabbitConnectionFactory#9d99851:0/SimpleConnection@31433df9 [delegate=amqp://guest@127.0.0.1:5672/, localPort= 50032]
2023-11-30 23:20:50,895 INFO [RabbitAdmin.java:686] - Auto-declaring a non-durable, auto-delete, or exclusive Queue (article_processing_queue) durable:false, auto-delete:false, exclusive:false. It will be redeclared if the broker stops and is restarted while the connection factory is alive, but all messages will be lost.
2023-11-30 23:20:51,423 INFO [DirectJDKLog.java:173] - Initializing Spring DispatcherServlet 'dispatcherServlet'
2023-11-30 23:20:51,424 INFO [FrameworkServlet.java:525] - Initializing Servlet 'dispatcherServlet'
2023-11-30 23:20:51,425 INFO [FrameworkServlet.java:547] - Completed initialization in 1 ms
2023-11-30 23:20:51,680 INFO [SLF4JLogger.java:71] - Opened connection [connectionId{localValue:7, serverValue:29549}] to ac-18bygxp-shard-00-02.kk4fxua.mongodb.net:27017
2023-11-30 23:21:42,551 INFO [SimpleMessageListenerContainer.java:645] - Waiting for workers to finish.
2023-11-30 23:21:43,109 INFO [SimpleMessageListenerContainer.java:649] - Successfully waited for workers to finish.
