2023-12-01 00:01:56,268 INFO [DirectJDKLog.java:173] - Initializing Spring DispatcherServlet 'dispatcherServlet'
2023-12-01 00:01:56,275 INFO [FrameworkServlet.java:525] - Initializing Servlet 'dispatcherServlet'
2023-12-01 00:01:56,281 INFO [FrameworkServlet.java:547] - Completed initialization in 6 ms
2023-12-01 00:01:56,644 INFO [SLF4JLogger.java:71] - Opened connection [connectionId{localValue:7, serverValue:30367}] to ac-18bygxp-shard-00-02.kk4fxua.mongodb.net:27017
2023-12-01 00:03:45,208 INFO [SimpleMessageListenerContainer.java:645] - Waiting for workers to finish.
2023-12-01 00:03:46,133 INFO [SimpleMessageListenerContainer.java:649] - Successfully waited for workers to finish.
2023-12-01 00:03:54,633 INFO [RepositoryConfigurationDelegate.java:132] - Bootstrapping Spring Data MongoDB repositories in DEFAULT mode.
2023-12-01 00:03:54,697 INFO [RepositoryConfigurationDelegate.java:201] - Finished Spring Data repository scanning in 57 ms. Found 2 MongoDB repository interfaces.
2023-12-01 00:03:54,936 INFO [PostProcessorRegistrationDelegate.java:376] - Bean 'org.springframework.ws.config.annotation.DelegatingWsConfiguration' of type [org.springframework.ws.config.annotation.DelegatingWsConfiguration$$EnhancerBySpringCGLIB$$57b72231] is not eligible for getting processed by all BeanPostProcessors (for example: not eligible for auto-proxying)
2023-12-01 00:03:54,967 WARN [DocumentBuilderFactoryUtils.java:45] - http://javax.xml.XMLConstants/property/accessExternalDTD property not supported by org.apache.xerces.jaxp.DocumentBuilderFactoryImpl
2023-12-01 00:03:54,968 WARN [DocumentBuilderFactoryUtils.java:54] - http://javax.xml.XMLConstants/property/accessExternalSchema property not supported by org.apache.xerces.jaxp.DocumentBuilderFactoryImpl
2023-12-01 00:03:54,997 INFO [AbstractAddressingEndpointMapping.java:239] - Supporting [WS-Addressing August 2004, WS-Addressing 1.0]
2023-12-01 00:03:55,253 INFO [TomcatWebServer.java:108] - Tomcat initialized with port(s): 8080 (http)
2023-12-01 00:03:55,258 INFO [DirectJDKLog.java:173] - Initializing ProtocolHandler ["http-nio-8080"]
2023-12-01 00:03:55,259 INFO [DirectJDKLog.java:173] - Starting service [Tomcat]
2023-12-01 00:03:55,259 INFO [DirectJDKLog.java:173] - Starting Servlet engine: [Apache Tomcat/9.0.82]
2023-12-01 00:03:55,355 INFO [DirectJDKLog.java:173] - Initializing Spring embedded WebApplicationContext
2023-12-01 00:03:55,357 INFO [ServletWebServerApplicationContext.java:292] - Root WebApplicationContext: initialization completed in 1457 ms
2023-12-01 00:03:55,567 INFO [SLF4JLogger.java:71] - MongoClient with metadata {"driver": {"name": "mongo-java-driver|sync|spring-boot", "version": "4.6.1"}, "os": {"type": "Darwin", "name": "Mac OS X", "architecture": "x86_64", "version": "14.0"}, "platform": "Java/Homebrew/17.0.9+0"} created with settings MongoClientSettings{readPreference=primary, writeConcern=WriteConcern{w=majority, wTimeout=null ms, journal=null}, retryWrites=true, retryReads=true, readConcern=ReadConcern{level=null}, credential=MongoCredential{mechanism=null, userName='zaultavangar', source='admin', password=<hidden>, mechanismProperties=<hidden>}, streamFactoryFactory=null, commandListeners=[], codecRegistry=ProvidersCodecRegistry{codecProviders=[ValueCodecProvider{}, BsonValueCodecProvider{}, DBRefCodecProvider{}, DBObjectCodecProvider{}, DocumentCodecProvider{}, IterableCodecProvider{}, MapCodecProvider{}, GeoJsonCodecProvider{}, GridFSFileCodecProvider{}, Jsr310CodecProvider{}, JsonObjectCodecProvider{}, BsonCodecProvider{}, EnumCodecProvider{}, com.mongodb.Jep395RecordCodecProvider@37af24cb]}, clusterSettings={hosts=[127.0.0.1:27017], srvHost=cluster0.kk4fxua.mongodb.net, srvServiceName=mongodb, mode=MULTIPLE, requiredClusterType=REPLICA_SET, requiredReplicaSetName='atlas-ahs3jo-shard-0', serverSelector='null', clusterListeners='[]', serverSelectionTimeout='30000 ms', localThreshold='30000 ms'}, socketSettings=SocketSettings{connectTimeoutMS=10000, readTimeoutMS=0, receiveBufferSize=0, sendBufferSize=0}, heartbeatSocketSettings=SocketSettings{connectTimeoutMS=10000, readTimeoutMS=10000, receiveBufferSize=0, sendBufferSize=0}, connectionPoolSettings=ConnectionPoolSettings{maxSize=100, minSize=0, maxWaitTimeMS=120000, maxConnectionLifeTimeMS=0, maxConnectionIdleTimeMS=0, maintenanceInitialDelayMS=0, maintenanceFrequencyMS=60000, connectionPoolListeners=[], maxConnecting=2}, serverSettings=ServerSettings{heartbeatFrequencyMS=10000, minHeartbeatFrequencyMS=500, serverListeners='[]', serverMonitorListeners='[]'}, sslSettings=SslSettings{enabled=true, invalidHostNameAllowed=false, context=null}, applicationName='null', compressorList=[], uuidRepresentation=JAVA_LEGACY, serverApi=null, autoEncryptionSettings=null, contextProvider=null}
2023-12-01 00:03:55,582 INFO [SLF4JLogger.java:71] - Adding discovered server ac-18bygxp-shard-00-02.kk4fxua.mongodb.net:27017 to client view of cluster
2023-12-01 00:03:55,607 INFO [SLF4JLogger.java:71] - Adding discovered server ac-18bygxp-shard-00-00.kk4fxua.mongodb.net:27017 to client view of cluster
2023-12-01 00:03:55,617 INFO [SLF4JLogger.java:71] - Adding discovered server ac-18bygxp-shard-00-01.kk4fxua.mongodb.net:27017 to client view of cluster
2023-12-01 00:03:55,684 WARN [CustomConversions.java:266] - Registering converter from class java.time.LocalDateTime to class org.joda.time.LocalDateTime as reading converter although it doesn't convert from a store-supported type; You might want to check your annotation setup at the converter implementation
2023-12-01 00:03:55,893 WARN [CustomConversions.java:266] - Registering converter from class java.time.LocalDateTime to class org.joda.time.LocalDateTime as reading converter although it doesn't convert from a store-supported type; You might want to check your annotation setup at the converter implementation
2023-12-01 00:03:56,201 TRACE [AbstractFallbackCacheOperationSource.java:102] - Adding cacheable method 'getGeocodeResultsForLocation' with attribute: [Builder[public com.example.backend.geocodingService.GeocodeResponse com.example.backend.geocodingService.GeocodingService.getGeocodeResultsForLocation(java.lang.String) throws com.example.backend.exceptions.GeocodeApiException] caches=[locationCache] | key='#location' | keyGenerator='' | cacheManager='' | cacheResolver='' | condition='' | unless='' | sync='false']
2023-12-01 00:03:56,308 INFO [SLF4JLogger.java:71] - Opened connection [connectionId{localValue:4, serverValue:29394}] to ac-18bygxp-shard-00-00.kk4fxua.mongodb.net:27017
2023-12-01 00:03:56,308 INFO [SLF4JLogger.java:71] - Opened connection [connectionId{localValue:1, serverValue:30297}] to ac-18bygxp-shard-00-02.kk4fxua.mongodb.net:27017
2023-12-01 00:03:56,308 INFO [SLF4JLogger.java:71] - Opened connection [connectionId{localValue:3, serverValue:29378}] to ac-18bygxp-shard-00-00.kk4fxua.mongodb.net:27017
2023-12-01 00:03:56,308 INFO [SLF4JLogger.java:71] - Opened connection [connectionId{localValue:6, serverValue:27813}] to ac-18bygxp-shard-00-01.kk4fxua.mongodb.net:27017
2023-12-01 00:03:56,310 INFO [SLF4JLogger.java:71] - Opened connection [connectionId{localValue:2, serverValue:30107}] to ac-18bygxp-shard-00-02.kk4fxua.mongodb.net:27017
2023-12-01 00:03:56,310 INFO [SLF4JLogger.java:71] - Opened connection [connectionId{localValue:5, serverValue:27813}] to ac-18bygxp-shard-00-01.kk4fxua.mongodb.net:27017
2023-12-01 00:03:56,310 INFO [SLF4JLogger.java:71] - Monitor thread successfully connected to server with description ServerDescription{address=ac-18bygxp-shard-00-00.kk4fxua.mongodb.net:27017, type=REPLICA_SET_SECONDARY, state=CONNECTED, ok=true, minWireVersion=0, maxWireVersion=17, maxDocumentSize=16777216, logicalSessionTimeoutMinutes=30, roundTripTimeNanos=385135208, setName='atlas-ahs3jo-shard-0', canonicalAddress=ac-18bygxp-shard-00-00.kk4fxua.mongodb.net:27017, hosts=[ac-18bygxp-shard-00-01.kk4fxua.mongodb.net:27017, ac-18bygxp-shard-00-02.kk4fxua.mongodb.net:27017, ac-18bygxp-shard-00-00.kk4fxua.mongodb.net:27017], passives=[], arbiters=[], primary='ac-18bygxp-shard-00-02.kk4fxua.mongodb.net:27017', tagSet=TagSet{[Tag{name='availabilityZone', value='use1-az4'}, Tag{name='nodeType', value='ELECTABLE'}, Tag{name='provider', value='AWS'}, Tag{name='region', value='US_EAST_1'}, Tag{name='workloadType', value='OPERATIONAL'}]}, electionId=null, setVersion=8, topologyVersion=TopologyVersion{processId=656883aff9d931d3d4157e31, counter=4}, lastWriteDate=Fri Dec 01 00:03:56 EST 2023, lastUpdateTimeNanos=2452736414127916}
2023-12-01 00:03:56,310 INFO [SLF4JLogger.java:71] - Monitor thread successfully connected to server with description ServerDescription{address=ac-18bygxp-shard-00-01.kk4fxua.mongodb.net:27017, type=REPLICA_SET_SECONDARY, state=CONNECTED, ok=true, minWireVersion=0, maxWireVersion=17, maxDocumentSize=16777216, logicalSessionTimeoutMinutes=30, roundTripTimeNanos=385934334, setName='atlas-ahs3jo-shard-0', canonicalAddress=ac-18bygxp-shard-00-01.kk4fxua.mongodb.net:27017, hosts=[ac-18bygxp-shard-00-01.kk4fxua.mongodb.net:27017, ac-18bygxp-shard-00-02.kk4fxua.mongodb.net:27017, ac-18bygxp-shard-00-00.kk4fxua.mongodb.net:27017], passives=[], arbiters=[], primary='ac-18bygxp-shard-00-02.kk4fxua.mongodb.net:27017', tagSet=TagSet{[Tag{name='availabilityZone', value='use1-az6'}, Tag{name='nodeType', value='ELECTABLE'}, Tag{name='provider', value='AWS'}, Tag{name='region', value='US_EAST_1'}, Tag{name='workloadType', value='OPERATIONAL'}]}, electionId=null, setVersion=8, topologyVersion=TopologyVersion{processId=6568867ceedc2ab2fee5a012, counter=3}, lastWriteDate=Fri Dec 01 00:03:56 EST 2023, lastUpdateTimeNanos=2452736417174625}
2023-12-01 00:03:56,310 INFO [SLF4JLogger.java:71] - Monitor thread successfully connected to server with description ServerDescription{address=ac-18bygxp-shard-00-02.kk4fxua.mongodb.net:27017, type=REPLICA_SET_PRIMARY, state=CONNECTED, ok=true, minWireVersion=0, maxWireVersion=17, maxDocumentSize=16777216, logicalSessionTimeoutMinutes=30, roundTripTimeNanos=400871708, setName='atlas-ahs3jo-shard-0', canonicalAddress=ac-18bygxp-shard-00-02.kk4fxua.mongodb.net:27017, hosts=[ac-18bygxp-shard-00-01.kk4fxua.mongodb.net:27017, ac-18bygxp-shard-00-02.kk4fxua.mongodb.net:27017, ac-18bygxp-shard-00-00.kk4fxua.mongodb.net:27017], passives=[], arbiters=[], primary='ac-18bygxp-shard-00-02.kk4fxua.mongodb.net:27017', tagSet=TagSet{[Tag{name='availabilityZone', value='use1-az1'}, Tag{name='nodeType', value='ELECTABLE'}, Tag{name='provider', value='AWS'}, Tag{name='region', value='US_EAST_1'}, Tag{name='workloadType', value='OPERATIONAL'}]}, electionId=7fffffff000000000000019f, setVersion=8, topologyVersion=TopologyVersion{processId=65688525b73472a8a10656cb, counter=6}, lastWriteDate=Fri Dec 01 00:03:56 EST 2023, lastUpdateTimeNanos=2452736417194166}
2023-12-01 00:03:56,313 INFO [SLF4JLogger.java:71] - Setting max election id to 7fffffff000000000000019f from replica set primary ac-18bygxp-shard-00-02.kk4fxua.mongodb.net:27017
2023-12-01 00:03:56,314 INFO [SLF4JLogger.java:71] - Setting max set version to 8 from replica set primary ac-18bygxp-shard-00-02.kk4fxua.mongodb.net:27017
2023-12-01 00:03:56,314 INFO [SLF4JLogger.java:71] - Discovered replica set primary ac-18bygxp-shard-00-02.kk4fxua.mongodb.net:27017
2023-12-01 00:03:57,574 WARN [TransformerFactoryUtils.java:62] - http://javax.xml.XMLConstants/property/accessExternalDTD property not supported by org.apache.xalan.processor.TransformerFactoryImpl
2023-12-01 00:03:57,575 WARN [TransformerFactoryUtils.java:71] - http://javax.xml.XMLConstants/property/accessExternalStylesheet property not supported by org.apache.xalan.processor.TransformerFactoryImpl
2023-12-01 00:03:57,594 WARN [DocumentBuilderFactoryUtils.java:45] - http://javax.xml.XMLConstants/property/accessExternalDTD property not supported by org.apache.xerces.jaxp.DocumentBuilderFactoryImpl
2023-12-01 00:03:57,594 WARN [DocumentBuilderFactoryUtils.java:54] - http://javax.xml.XMLConstants/property/accessExternalSchema property not supported by org.apache.xerces.jaxp.DocumentBuilderFactoryImpl
2023-12-01 00:03:57,596 WARN [DocumentBuilderFactoryUtils.java:45] - http://javax.xml.XMLConstants/property/accessExternalDTD property not supported by org.apache.xerces.jaxp.DocumentBuilderFactoryImpl
2023-12-01 00:03:57,596 WARN [DocumentBuilderFactoryUtils.java:54] - http://javax.xml.XMLConstants/property/accessExternalSchema property not supported by org.apache.xerces.jaxp.DocumentBuilderFactoryImpl
2023-12-01 00:03:57,705 INFO [DirectJDKLog.java:173] - Starting ProtocolHandler ["http-nio-8080"]
2023-12-01 00:03:57,721 INFO [TomcatWebServer.java:220] - Tomcat started on port(s): 8080 (http) with context path ''
2023-12-01 00:03:57,722 INFO [AbstractConnectionFactory.java:639] - Attempting to connect to: [localhost:5672]
2023-12-01 00:03:57,815 INFO [AbstractConnectionFactory.java:590] - Created new connection: rabbitConnectionFactory#71e2c6d8:0/SimpleConnection@4be460e5 [delegate=amqp://guest@127.0.0.1:5672/, localPort= 52963]
2023-12-01 00:03:57,819 INFO [RabbitAdmin.java:686] - Auto-declaring a non-durable, auto-delete, or exclusive Queue (article_processing_queue) durable:false, auto-delete:false, exclusive:false. It will be redeclared if the broker stops and is restarted while the connection factory is alive, but all messages will be lost.
2023-12-01 00:03:59,017 INFO [DirectJDKLog.java:173] - Initializing Spring DispatcherServlet 'dispatcherServlet'
2023-12-01 00:03:59,019 INFO [FrameworkServlet.java:525] - Initializing Servlet 'dispatcherServlet'
2023-12-01 00:03:59,026 INFO [FrameworkServlet.java:547] - Completed initialization in 7 ms
2023-12-01 00:03:59,511 INFO [SLF4JLogger.java:71] - Opened connection [connectionId{localValue:7, serverValue:30182}] to ac-18bygxp-shard-00-02.kk4fxua.mongodb.net:27017
