2023-12-03 17:46:13,453 INFO [SLF4JHandler.java:88] - Loading POS tagger from edu/stanford/nlp/models/pos-tagger/english-left3words-distsim.tagger ... done [0.6 sec].
2023-12-03 17:46:14,502 INFO [SLF4JHandler.java:88] - Loading classifier from edu/stanford/nlp/models/ner/english.all.3class.distsim.crf.ser.gz ... done [1.0 sec].
2023-12-03 17:46:14,920 INFO [SLF4JHandler.java:88] - Loading classifier from edu/stanford/nlp/models/ner/english.muc.7class.distsim.crf.ser.gz ... done [0.4 sec].
2023-12-03 17:46:15,296 INFO [SLF4JHandler.java:88] - Loading classifier from edu/stanford/nlp/models/ner/english.conll.4class.distsim.crf.ser.gz ... done [0.4 sec].
2023-12-03 17:46:15,312 INFO [SLF4JHandler.java:88] - Initializing JollyDayHoliday for SUTime from classpath edu/stanford/nlp/models/sutime/jollyday/Holidays_sutime.xml as sutime.binder.1.
2023-12-03 17:46:15,583 INFO [SLF4JHandler.java:88] - Using following SUTime rules: edu/stanford/nlp/models/sutime/defs.sutime.txt,edu/stanford/nlp/models/sutime/english.sutime.txt,edu/stanford/nlp/models/sutime/english.holidays.sutime.txt
2023-12-03 17:46:18,503 INFO [SLF4JHandler.java:88] - ner.fine.regexner: Read 580705 unique entries out of 581864 from edu/stanford/nlp/models/kbp/english/gazetteers/regexner_caseless.tab, 0 TokensRegex patterns.
2023-12-03 17:46:18,548 INFO [SLF4JHandler.java:88] - ner.fine.regexner: Read 4867 unique entries out of 4867 from edu/stanford/nlp/models/kbp/english/gazetteers/regexner_cased.tab, 0 TokensRegex patterns.
2023-12-03 17:46:18,549 INFO [SLF4JHandler.java:88] - ner.fine.regexner: Read 585572 unique entries from 2 files
2023-12-03 17:46:20,743 INFO [SLF4JHandler.java:88] - numeric classifiers: true; SUTime: true [no docDate]; fine grained: true
2023-12-03 17:50:21,934 INFO [SLF4JHandler.java:88] - Loading POS tagger from edu/stanford/nlp/models/pos-tagger/english-left3words-distsim.tagger ... done [0.6 sec].
2023-12-03 17:50:22,987 INFO [SLF4JHandler.java:88] - Loading classifier from edu/stanford/nlp/models/ner/english.all.3class.distsim.crf.ser.gz ... done [1.0 sec].
2023-12-03 17:50:23,396 INFO [SLF4JHandler.java:88] - Loading classifier from edu/stanford/nlp/models/ner/english.muc.7class.distsim.crf.ser.gz ... done [0.4 sec].
2023-12-03 17:50:23,847 INFO [SLF4JHandler.java:88] - Loading classifier from edu/stanford/nlp/models/ner/english.conll.4class.distsim.crf.ser.gz ... done [0.4 sec].
2023-12-03 17:50:23,863 INFO [SLF4JHandler.java:88] - Initializing JollyDayHoliday for SUTime from classpath edu/stanford/nlp/models/sutime/jollyday/Holidays_sutime.xml as sutime.binder.1.
2023-12-03 17:50:24,109 INFO [SLF4JHandler.java:88] - Using following SUTime rules: edu/stanford/nlp/models/sutime/defs.sutime.txt,edu/stanford/nlp/models/sutime/english.sutime.txt,edu/stanford/nlp/models/sutime/english.holidays.sutime.txt
2023-12-03 17:50:26,678 INFO [SLF4JHandler.java:88] - ner.fine.regexner: Read 580705 unique entries out of 581864 from edu/stanford/nlp/models/kbp/english/gazetteers/regexner_caseless.tab, 0 TokensRegex patterns.
2023-12-03 17:50:26,709 INFO [SLF4JHandler.java:88] - ner.fine.regexner: Read 4867 unique entries out of 4867 from edu/stanford/nlp/models/kbp/english/gazetteers/regexner_cased.tab, 0 TokensRegex patterns.
2023-12-03 17:50:26,710 INFO [SLF4JHandler.java:88] - ner.fine.regexner: Read 585572 unique entries from 2 files
2023-12-03 17:50:28,866 INFO [SLF4JHandler.java:88] - numeric classifiers: true; SUTime: true [no docDate]; fine grained: true
2023-12-03 17:52:24,618 INFO [SLF4JHandler.java:88] - Loading POS tagger from edu/stanford/nlp/models/pos-tagger/english-left3words-distsim.tagger ... done [0.6 sec].
2023-12-03 17:52:25,650 INFO [SLF4JHandler.java:88] - Loading classifier from edu/stanford/nlp/models/ner/english.all.3class.distsim.crf.ser.gz ... done [1.0 sec].
2023-12-03 17:52:26,005 INFO [SLF4JHandler.java:88] - Loading classifier from edu/stanford/nlp/models/ner/english.muc.7class.distsim.crf.ser.gz ... done [0.3 sec].
2023-12-03 17:52:26,467 INFO [SLF4JHandler.java:88] - Loading classifier from edu/stanford/nlp/models/ner/english.conll.4class.distsim.crf.ser.gz ... done [0.5 sec].
2023-12-03 17:52:26,482 INFO [SLF4JHandler.java:88] - Initializing JollyDayHoliday for SUTime from classpath edu/stanford/nlp/models/sutime/jollyday/Holidays_sutime.xml as sutime.binder.1.
2023-12-03 17:52:26,730 INFO [SLF4JHandler.java:88] - Using following SUTime rules: edu/stanford/nlp/models/sutime/defs.sutime.txt,edu/stanford/nlp/models/sutime/english.sutime.txt,edu/stanford/nlp/models/sutime/english.holidays.sutime.txt
2023-12-03 17:52:29,384 INFO [SLF4JHandler.java:88] - ner.fine.regexner: Read 580705 unique entries out of 581864 from edu/stanford/nlp/models/kbp/english/gazetteers/regexner_caseless.tab, 0 TokensRegex patterns.
2023-12-03 17:52:29,417 INFO [SLF4JHandler.java:88] - ner.fine.regexner: Read 4867 unique entries out of 4867 from edu/stanford/nlp/models/kbp/english/gazetteers/regexner_cased.tab, 0 TokensRegex patterns.
2023-12-03 17:52:29,418 INFO [SLF4JHandler.java:88] - ner.fine.regexner: Read 585572 unique entries from 2 files
2023-12-03 17:52:31,566 INFO [SLF4JHandler.java:88] - numeric classifiers: true; SUTime: true [no docDate]; fine grained: true
2023-12-03 17:57:17,549 INFO [SLF4JHandler.java:88] - Loading POS tagger from edu/stanford/nlp/models/pos-tagger/english-left3words-distsim.tagger ... done [0.6 sec].
2023-12-03 17:57:18,643 INFO [SLF4JHandler.java:88] - Loading classifier from edu/stanford/nlp/models/ner/english.all.3class.distsim.crf.ser.gz ... done [1.0 sec].
2023-12-03 17:57:19,055 INFO [SLF4JHandler.java:88] - Loading classifier from edu/stanford/nlp/models/ner/english.muc.7class.distsim.crf.ser.gz ... done [0.4 sec].
2023-12-03 17:57:19,421 INFO [SLF4JHandler.java:88] - Loading classifier from edu/stanford/nlp/models/ner/english.conll.4class.distsim.crf.ser.gz ... done [0.4 sec].
2023-12-03 17:57:19,436 INFO [SLF4JHandler.java:88] - Initializing JollyDayHoliday for SUTime from classpath edu/stanford/nlp/models/sutime/jollyday/Holidays_sutime.xml as sutime.binder.1.
2023-12-03 17:57:19,682 INFO [SLF4JHandler.java:88] - Using following SUTime rules: edu/stanford/nlp/models/sutime/defs.sutime.txt,edu/stanford/nlp/models/sutime/english.sutime.txt,edu/stanford/nlp/models/sutime/english.holidays.sutime.txt
2023-12-03 17:57:22,382 INFO [SLF4JHandler.java:88] - ner.fine.regexner: Read 580705 unique entries out of 581864 from edu/stanford/nlp/models/kbp/english/gazetteers/regexner_caseless.tab, 0 TokensRegex patterns.
2023-12-03 17:57:22,532 INFO [SLF4JHandler.java:88] - ner.fine.regexner: Read 4867 unique entries out of 4867 from edu/stanford/nlp/models/kbp/english/gazetteers/regexner_cased.tab, 0 TokensRegex patterns.
2023-12-03 17:57:22,533 INFO [SLF4JHandler.java:88] - ner.fine.regexner: Read 585572 unique entries from 2 files
2023-12-03 17:57:24,533 INFO [SLF4JHandler.java:88] - numeric classifiers: true; SUTime: true [no docDate]; fine grained: true
